0 info it worked if it ends with ok
1 verbose cli [ '/usr/local/bin/node', '/usr/local/bin/npm', 'i' ]
2 info using npm@3.3.6
3 info using node@v5.0.0
4 silly loadCurrentTree Starting
5 silly install loadCurrentTree
6 silly install readLocalPackageData
7 silly install normalizeTree
8 silly loadCurrentTree Finishing
9 silly loadIdealTree Starting
10 silly install loadIdealTree
11 silly cloneCurrentTree Starting
12 silly install cloneCurrentTreeToIdealTree
13 silly cloneCurrentTree Finishing
14 silly loadShrinkwrap Starting
15 silly install loadShrinkwrap
16 silly loadShrinkwrap Finishing
17 silly loadAllDepsIntoIdealTree Starting
18 silly install loadAllDepsIntoIdealTree
19 silly fetchNamedPackageData fsevents
20 silly mapToRegistry name fsevents
21 silly mapToRegistry using default registry
22 silly mapToRegistry registry https://registry.npmjs.org/
23 silly mapToRegistry uri https://registry.npmjs.org/fsevents
24 verbose request uri https://registry.npmjs.org/fsevents
25 verbose request no auth needed
26 info attempt registry request try #1 at 18:46:22
27 verbose request id ca4d2d701ef9f174
28 verbose etag "4F9X7UJ00LLYKKNJG6RHV1DOR"
29 http request GET https://registry.npmjs.org/fsevents
30 http 304 https://registry.npmjs.org/fsevents
31 verbose headers { date: 'Mon, 09 Nov 2015 20:46:24 GMT',
31 verbose headers   via: '1.1 varnish',
31 verbose headers   'cache-control': 'max-age=60',
31 verbose headers   etag: '"4F9X7UJ00LLYKKNJG6RHV1DOR"',
31 verbose headers   age: '0',
31 verbose headers   connection: 'keep-alive',
31 verbose headers   'x-served-by': 'cache-iad2148-IAD',
31 verbose headers   'x-cache': 'HIT',
31 verbose headers   'x-cache-hits': '1',
31 verbose headers   'x-timer': 'S1447101984.160668,VS0,VE12',
31 verbose headers   vary: 'Accept' }
32 silly get cb [ 304,
32 silly get   { date: 'Mon, 09 Nov 2015 20:46:24 GMT',
32 silly get     via: '1.1 varnish',
32 silly get     'cache-control': 'max-age=60',
32 silly get     etag: '"4F9X7UJ00LLYKKNJG6RHV1DOR"',
32 silly get     age: '0',
32 silly get     connection: 'keep-alive',
32 silly get     'x-served-by': 'cache-iad2148-IAD',
32 silly get     'x-cache': 'HIT',
32 silly get     'x-cache-hits': '1',
32 silly get     'x-timer': 'S1447101984.160668,VS0,VE12',
32 silly get     vary: 'Accept' } ]
33 verbose etag https://registry.npmjs.org/fsevents from cache
34 verbose get saving fsevents to /home/leo/.npm/registry.npmjs.org/fsevents/.cache.json
35 silly resolveWithNewModule fsevents@1.0.5 checking installable status
36 warn install Couldn't install optional dependency: Unsupported
37 verbose install Error: Unsupported
37 verbose install     at checkPlatform (/usr/local/lib/node_modules/npm/node_modules/npm-install-checks/index.js:46:14)
37 verbose install     at Array.<anonymous> (/usr/local/lib/node_modules/npm/node_modules/slide/lib/bind-actor.js:15:8)
37 verbose install     at LOOP (/usr/local/lib/node_modules/npm/node_modules/slide/lib/chain.js:15:14)
37 verbose install     at /usr/local/lib/node_modules/npm/node_modules/slide/lib/chain.js:18:7
37 verbose install     at checkEngine (/usr/local/lib/node_modules/npm/node_modules/npm-install-checks/index.js:25:10)
37 verbose install     at Array.<anonymous> (/usr/local/lib/node_modules/npm/node_modules/slide/lib/bind-actor.js:15:8)
37 verbose install     at LOOP (/usr/local/lib/node_modules/npm/node_modules/slide/lib/chain.js:15:14)
37 verbose install     at chain (/usr/local/lib/node_modules/npm/node_modules/slide/lib/chain.js:20:5)
37 verbose install     at module.exports.isInstallable (/usr/local/lib/node_modules/npm/lib/install/validate-args.js:26:3)
37 verbose install     at resolveWithNewModule (/usr/local/lib/node_modules/npm/lib/install/deps.js:408:12)
38 silly loadAllDepsIntoIdealTree Finishing
39 silly idealTree:prePrune padaria-gege@0.0.1
39 silly idealTree:prePrune ├── JSONStream@1.0.6
39 silly idealTree:prePrune ├── abbrev@1.0.7
39 silly idealTree:prePrune ├── accepts@1.2.13
39 silly idealTree:prePrune ├── acorn@1.2.2
39 silly idealTree:prePrune ├── align-text@0.1.3
39 silly idealTree:prePrune ├── alter@0.2.0
39 silly idealTree:prePrune ├── amdefine@1.0.0
39 silly idealTree:prePrune ├── ansi-green@0.1.1
39 silly idealTree:prePrune ├── ansi-regex@2.0.0
39 silly idealTree:prePrune ├── ansi-styles@2.1.0
39 silly idealTree:prePrune ├── ansi-wrap@0.1.0
39 silly idealTree:prePrune ├── anymatch@1.3.0
39 silly idealTree:prePrune ├── archy@1.0.0
39 silly idealTree:prePrune ├── arr-diff@1.1.0
39 silly idealTree:prePrune ├── arr-flatten@1.0.1
39 silly idealTree:prePrune ├── array-differ@1.0.0
39 silly idealTree:prePrune ├── array-filter@0.0.1
39 silly idealTree:prePrune ├── array-flatten@1.1.1
39 silly idealTree:prePrune ├── array-map@0.0.0
39 silly idealTree:prePrune ├── array-reduce@0.0.0
39 silly idealTree:prePrune ├── array-slice@0.2.3
39 silly idealTree:prePrune ├── array-uniq@1.0.2
39 silly idealTree:prePrune ├── array-unique@0.2.1
39 silly idealTree:prePrune ├── arrify@1.0.0
39 silly idealTree:prePrune ├── asn1.js@4.0.0
39 silly idealTree:prePrune ├── assert@1.3.0
39 silly idealTree:prePrune ├── ast-traverse@0.1.1
39 silly idealTree:prePrune ├── ast-types@0.8.12
39 silly idealTree:prePrune ├── astw@2.0.0
39 silly idealTree:prePrune ├── async-each@0.1.6
39 silly idealTree:prePrune ├── async@0.9.0
39 silly idealTree:prePrune ├─┬ babel-core@5.8.33
39 silly idealTree:prePrune │ └── bluebird@2.10.2
39 silly idealTree:prePrune ├── babel-plugin-constant-folding@1.0.1
39 silly idealTree:prePrune ├── babel-plugin-dead-code-elimination@1.0.2
39 silly idealTree:prePrune ├── babel-plugin-eval@1.0.1
39 silly idealTree:prePrune ├── babel-plugin-inline-environment-variables@1.0.1
39 silly idealTree:prePrune ├── babel-plugin-jscript@1.0.4
39 silly idealTree:prePrune ├── babel-plugin-member-expression-literals@1.0.1
39 silly idealTree:prePrune ├── babel-plugin-property-literals@1.0.1
39 silly idealTree:prePrune ├── babel-plugin-proto-to-assign@1.0.4
39 silly idealTree:prePrune ├── babel-plugin-react-constant-elements@1.0.3
39 silly idealTree:prePrune ├── babel-plugin-react-display-name@1.0.3
39 silly idealTree:prePrune ├── babel-plugin-remove-console@1.0.1
39 silly idealTree:prePrune ├── babel-plugin-remove-debugger@1.0.1
39 silly idealTree:prePrune ├── babel-plugin-runtime@1.0.7
39 silly idealTree:prePrune ├── babel-plugin-undeclared-variables-check@1.0.2
39 silly idealTree:prePrune ├── babel-plugin-undefined-to-void@1.1.6
39 silly idealTree:prePrune ├── babelify@6.4.0
39 silly idealTree:prePrune ├── babylon@5.8.29
39 silly idealTree:prePrune ├── balanced-match@0.2.1
39 silly idealTree:prePrune ├── base64-js@0.0.8
39 silly idealTree:prePrune ├── beeper@1.1.0
39 silly idealTree:prePrune ├── binary-extensions@1.3.1
39 silly idealTree:prePrune ├── bl@0.9.4
39 silly idealTree:prePrune ├── bluebird@2.9.26
39 silly idealTree:prePrune ├── bn.js@4.1.1
39 silly idealTree:prePrune ├── body-parser@1.14.1
39 silly idealTree:prePrune ├── brace-expansion@1.1.1
39 silly idealTree:prePrune ├── braces@1.8.2
39 silly idealTree:prePrune ├── breakable@1.0.0
39 silly idealTree:prePrune ├── brorand@1.0.5
39 silly idealTree:prePrune ├── browser-pack@5.0.1
39 silly idealTree:prePrune ├── browser-resolve@1.10.1
39 silly idealTree:prePrune ├── browserify-aes@1.0.5
39 silly idealTree:prePrune ├── browserify-cipher@1.0.0
39 silly idealTree:prePrune ├── browserify-des@1.0.0
39 silly idealTree:prePrune ├── browserify-rsa@4.0.0
39 silly idealTree:prePrune ├── browserify-sign@4.0.0
39 silly idealTree:prePrune ├── browserify-zlib@0.1.4
39 silly idealTree:prePrune ├─┬ browserify@11.2.0
39 silly idealTree:prePrune │ └── readable-stream@2.0.4
39 silly idealTree:prePrune ├── bson@0.4.19
39 silly idealTree:prePrune ├── buffer-xor@1.0.3
39 silly idealTree:prePrune ├── buffer@3.5.1
39 silly idealTree:prePrune ├── builtin-modules@1.1.0
39 silly idealTree:prePrune ├── builtin-status-codes@1.0.0
39 silly idealTree:prePrune ├── builtins@0.0.7
39 silly idealTree:prePrune ├── bytes@2.1.0
39 silly idealTree:prePrune ├── camelcase-keys@1.0.0
39 silly idealTree:prePrune ├── camelcase@1.2.1
39 silly idealTree:prePrune ├── center-align@0.1.2
39 silly idealTree:prePrune ├── chalk@1.1.1
39 silly idealTree:prePrune ├─┬ chokidar@1.2.0
39 silly idealTree:prePrune │ └── is-glob@2.0.1
39 silly idealTree:prePrune ├── cipher-base@1.0.2
39 silly idealTree:prePrune ├── cliui@2.1.0
39 silly idealTree:prePrune ├── clone-stats@0.0.1
39 silly idealTree:prePrune ├── clone@1.0.2
39 silly idealTree:prePrune ├─┬ combine-source-map@0.6.1
39 silly idealTree:prePrune │ └── source-map@0.4.4
39 silly idealTree:prePrune ├── commander@2.5.1
39 silly idealTree:prePrune ├── commondir@0.0.1
39 silly idealTree:prePrune ├── commoner@0.10.3
39 silly idealTree:prePrune ├── concat-map@0.0.1
39 silly idealTree:prePrune ├─┬ concat-stream@1.4.10
39 silly idealTree:prePrune │ └── readable-stream@1.1.13
39 silly idealTree:prePrune ├─┬ configstore@1.3.0
39 silly idealTree:prePrune │ └── graceful-fs@4.1.2
39 silly idealTree:prePrune ├── console-browserify@1.1.0
39 silly idealTree:prePrune ├── constants-browserify@0.0.1
39 silly idealTree:prePrune ├── content-disposition@0.5.0
39 silly idealTree:prePrune ├── content-type@1.0.1
39 silly idealTree:prePrune ├── convert-source-map@1.1.1
39 silly idealTree:prePrune ├── cookie-signature@1.0.6
39 silly idealTree:prePrune ├── cookie@0.1.3
39 silly idealTree:prePrune ├── core-js@1.2.5
39 silly idealTree:prePrune ├── core-util-is@1.0.1
39 silly idealTree:prePrune ├── cors@2.7.1
39 silly idealTree:prePrune ├── create-ecdh@4.0.0
39 silly idealTree:prePrune ├── create-hash@1.1.2
39 silly idealTree:prePrune ├── create-hmac@1.1.4
39 silly idealTree:prePrune ├── crypto-browserify@3.11.0
39 silly idealTree:prePrune ├── date-now@0.1.4
39 silly idealTree:prePrune ├── dateformat@1.0.11
39 silly idealTree:prePrune ├── deap@1.0.0
39 silly idealTree:prePrune ├── debug@2.2.0
39 silly idealTree:prePrune ├── decamelize@1.1.1
39 silly idealTree:prePrune ├── deep-extend@0.2.11
39 silly idealTree:prePrune ├── defaults@1.0.3
39 silly idealTree:prePrune ├── defined@1.0.0
39 silly idealTree:prePrune ├── defs@1.1.1
39 silly idealTree:prePrune ├── depd@1.1.0
39 silly idealTree:prePrune ├── deprecated@0.0.1
39 silly idealTree:prePrune ├── deps-sort@1.3.9
39 silly idealTree:prePrune ├── des.js@1.0.0
39 silly idealTree:prePrune ├── destroy@1.0.3
39 silly idealTree:prePrune ├── detect-indent@3.0.1
39 silly idealTree:prePrune ├── detective@4.3.1
39 silly idealTree:prePrune ├── diffie-hellman@5.0.0
39 silly idealTree:prePrune ├── domain-browser@1.1.4
39 silly idealTree:prePrune ├─┬ duplexer2@0.0.2
39 silly idealTree:prePrune │ └── readable-stream@1.1.13
39 silly idealTree:prePrune ├── duplexer@0.1.1
39 silly idealTree:prePrune ├─┬ duplexify@3.4.2
39 silly idealTree:prePrune │ ├── end-of-stream@1.0.0
39 silly idealTree:prePrune │ └── readable-stream@2.0.4
39 silly idealTree:prePrune ├── ee-first@1.1.1
39 silly idealTree:prePrune ├── elliptic@6.0.1
39 silly idealTree:prePrune ├── end-of-stream@0.1.5
39 silly idealTree:prePrune ├── error-ex@1.2.0
39 silly idealTree:prePrune ├── es6-promise@2.1.1
39 silly idealTree:prePrune ├── escape-html@1.0.2
39 silly idealTree:prePrune ├── escape-string-regexp@1.0.3
39 silly idealTree:prePrune ├── esprima-fb@15001.1001.0-dev-harmony-fb
39 silly idealTree:prePrune ├── esutils@2.0.2
39 silly idealTree:prePrune ├── etag@1.7.0
39 silly idealTree:prePrune ├── event-stream@3.3.2
39 silly idealTree:prePrune ├── events@1.0.2
39 silly idealTree:prePrune ├── evp_bytestokey@1.0.0
39 silly idealTree:prePrune ├── expand-brackets@0.1.4
39 silly idealTree:prePrune ├── expand-range@1.8.1
39 silly idealTree:prePrune ├─┬ express@4.13.3
39 silly idealTree:prePrune │ ├── depd@1.0.1
39 silly idealTree:prePrune │ ├── qs@4.0.0
39 silly idealTree:prePrune │ └── vary@1.0.1
39 silly idealTree:prePrune ├── extend@2.0.1
39 silly idealTree:prePrune ├── extglob@0.3.1
39 silly idealTree:prePrune ├── fancy-log@1.1.0
39 silly idealTree:prePrune ├── filename-regex@2.0.0
39 silly idealTree:prePrune ├─┬ fill-range@2.2.2
39 silly idealTree:prePrune │ └── isobject@1.0.2
39 silly idealTree:prePrune ├── finalhandler@0.4.0
39 silly idealTree:prePrune ├── find-index@0.1.1
39 silly idealTree:prePrune ├─┬ find-up@1.0.0
39 silly idealTree:prePrune │ └── path-exists@2.0.0
39 silly idealTree:prePrune ├─┬ findup-sync@0.3.0
39 silly idealTree:prePrune │ └── glob@5.0.15
39 silly idealTree:prePrune ├── first-chunk-stream@1.0.0
39 silly idealTree:prePrune ├── flagged-respawn@0.3.1
39 silly idealTree:prePrune ├── for-in@0.1.4
39 silly idealTree:prePrune ├── for-own@0.1.3
39 silly idealTree:prePrune ├── foreach@2.0.5
39 silly idealTree:prePrune ├── forwarded@0.1.0
39 silly idealTree:prePrune ├── fresh@0.3.0
39 silly idealTree:prePrune ├── from@0.1.3
39 silly idealTree:prePrune ├── fs-readdir-recursive@0.1.2
39 silly idealTree:prePrune ├── function-bind@1.0.2
39 silly idealTree:prePrune ├── gaze@0.5.2
39 silly idealTree:prePrune ├── get-stdin@4.0.1
39 silly idealTree:prePrune ├─┬ glob-base@0.3.0
39 silly idealTree:prePrune │ └── is-glob@2.0.1
39 silly idealTree:prePrune ├─┬ glob-parent@2.0.0
39 silly idealTree:prePrune │ └── is-glob@2.0.1
39 silly idealTree:prePrune ├─┬ glob-stream@3.1.18
39 silly idealTree:prePrune │ ├── glob@4.5.3
39 silly idealTree:prePrune │ ├── readable-stream@1.0.33
39 silly idealTree:prePrune │ └── through2@0.6.5
39 silly idealTree:prePrune ├── glob-watcher@0.0.6
39 silly idealTree:prePrune ├── glob2base@0.0.12
39 silly idealTree:prePrune ├─┬ glob@4.2.2
39 silly idealTree:prePrune │ └── minimatch@1.0.0
39 silly idealTree:prePrune ├── globals@6.4.1
39 silly idealTree:prePrune ├─┬ globule@0.1.0
39 silly idealTree:prePrune │ ├── glob@3.1.21
39 silly idealTree:prePrune │ ├── graceful-fs@1.2.3
39 silly idealTree:prePrune │ ├── inherits@1.0.2
39 silly idealTree:prePrune │ ├── lodash@1.0.2
39 silly idealTree:prePrune │ └── minimatch@0.2.14
39 silly idealTree:prePrune ├── glogg@1.0.0
39 silly idealTree:prePrune ├─┬ got@3.3.1
39 silly idealTree:prePrune │ └── object-assign@3.0.0
39 silly idealTree:prePrune ├── graceful-fs@3.0.8
39 silly idealTree:prePrune ├─┬ gulp-sourcemaps@1.6.0
39 silly idealTree:prePrune │ ├── graceful-fs@4.1.2
39 silly idealTree:prePrune │ ├── readable-stream@2.0.4
39 silly idealTree:prePrune │ ├── through2@2.0.0
39 silly idealTree:prePrune │ └── vinyl@1.1.0
39 silly idealTree:prePrune ├─┬ gulp-uglify@1.4.2
39 silly idealTree:prePrune │ ├── readable-stream@2.0.4
39 silly idealTree:prePrune │ └── through2@2.0.0
39 silly idealTree:prePrune ├─┬ gulp-util@3.0.7
39 silly idealTree:prePrune │ ├── object-assign@3.0.0
39 silly idealTree:prePrune │ ├── readable-stream@2.0.4
39 silly idealTree:prePrune │ └── through2@2.0.0
39 silly idealTree:prePrune ├── gulp@3.9.0
39 silly idealTree:prePrune ├── gulplog@1.0.0
39 silly idealTree:prePrune ├── has-ansi@2.0.0
39 silly idealTree:prePrune ├── has-gulplog@0.1.0
39 silly idealTree:prePrune ├── has@1.0.1
39 silly idealTree:prePrune ├── hash.js@1.0.3
39 silly idealTree:prePrune ├── home-or-tmp@1.0.0
39 silly idealTree:prePrune ├── hooks-fixed@1.1.0
39 silly idealTree:prePrune ├── hosted-git-info@2.1.4
39 silly idealTree:prePrune ├── htmlescape@1.1.0
39 silly idealTree:prePrune ├── http-errors@1.3.1
39 silly idealTree:prePrune ├── https-browserify@0.0.1
39 silly idealTree:prePrune ├── iconv-lite@0.4.12
39 silly idealTree:prePrune ├── ieee754@1.1.6
39 silly idealTree:prePrune ├─┬ indent-string@2.1.0
39 silly idealTree:prePrune │ └── repeating@2.0.0
39 silly idealTree:prePrune ├── indexof@0.0.1
39 silly idealTree:prePrune ├── infinity-agent@2.0.3
39 silly idealTree:prePrune ├── inflight@1.0.4
39 silly idealTree:prePrune ├── inherits@2.0.1
39 silly idealTree:prePrune ├── ini@1.3.4
39 silly idealTree:prePrune ├─┬ inline-source-map@0.5.0
39 silly idealTree:prePrune │ └── source-map@0.4.4
39 silly idealTree:prePrune ├── insert-module-globals@6.6.3
39 silly idealTree:prePrune ├── install@0.1.8
39 silly idealTree:prePrune ├── interpret@0.6.6
39 silly idealTree:prePrune ├── invert-kv@1.0.0
39 silly idealTree:prePrune ├── ipaddr.js@1.0.1
39 silly idealTree:prePrune ├── is-array@1.0.1
39 silly idealTree:prePrune ├── is-binary-path@1.0.1
39 silly idealTree:prePrune ├── is-buffer@1.1.0
39 silly idealTree:prePrune ├── is-builtin-module@1.0.0
39 silly idealTree:prePrune ├── is-dotfile@1.0.2
39 silly idealTree:prePrune ├── is-equal-shallow@0.1.3
39 silly idealTree:prePrune ├── is-extglob@1.0.0
39 silly idealTree:prePrune ├── is-finite@1.0.1
39 silly idealTree:prePrune ├── is-glob@1.1.3
39 silly idealTree:prePrune ├── is-integer@1.0.6
39 silly idealTree:prePrune ├── is-npm@1.0.0
39 silly idealTree:prePrune ├── is-number@1.1.2
39 silly idealTree:prePrune ├── is-primitive@2.0.0
39 silly idealTree:prePrune ├── is-redirect@1.0.0
39 silly idealTree:prePrune ├── is-stream@1.0.1
39 silly idealTree:prePrune ├── is-utf8@0.2.0
39 silly idealTree:prePrune ├── isarray@0.0.1
39 silly idealTree:prePrune ├── isobject@2.0.0
39 silly idealTree:prePrune ├── js-tokens@1.0.1
39 silly idealTree:prePrune ├── jsesc@0.5.0
39 silly idealTree:prePrune ├── json-stable-stringify@0.0.1
39 silly idealTree:prePrune ├── json5@0.4.0
39 silly idealTree:prePrune ├── jsonify@0.0.0
39 silly idealTree:prePrune ├── jsonparse@1.2.0
39 silly idealTree:prePrune ├── kareem@1.0.1
39 silly idealTree:prePrune ├── kerberos@0.0.17
39 silly idealTree:prePrune ├── kind-of@2.0.1
39 silly idealTree:prePrune ├── labeled-stream-splicer@1.0.2
39 silly idealTree:prePrune ├── latest-version@1.0.1
39 silly idealTree:prePrune ├── lazy-cache@0.2.4
39 silly idealTree:prePrune ├── lcid@1.0.0
39 silly idealTree:prePrune ├── left-pad@0.0.3
39 silly idealTree:prePrune ├── leven@1.0.2
39 silly idealTree:prePrune ├── lexical-scope@1.2.0
39 silly idealTree:prePrune ├── liftoff@2.2.0
39 silly idealTree:prePrune ├── line-numbers@0.2.0
39 silly idealTree:prePrune ├─┬ load-json-file@1.0.1
39 silly idealTree:prePrune │ └── graceful-fs@4.1.2
39 silly idealTree:prePrune ├── lodash._baseassign@3.2.0
39 silly idealTree:prePrune ├── lodash._basecopy@3.0.1
39 silly idealTree:prePrune ├── lodash._baseflatten@3.1.4
39 silly idealTree:prePrune ├── lodash._basetostring@3.0.1
39 silly idealTree:prePrune ├── lodash._basevalues@3.0.0
39 silly idealTree:prePrune ├── lodash._bindcallback@3.0.1
39 silly idealTree:prePrune ├── lodash._createassigner@3.1.1
39 silly idealTree:prePrune ├── lodash._getnative@3.9.1
39 silly idealTree:prePrune ├── lodash._isiterateecall@3.0.9
39 silly idealTree:prePrune ├── lodash._reescape@3.0.0
39 silly idealTree:prePrune ├── lodash._reevaluate@3.0.0
39 silly idealTree:prePrune ├── lodash._reinterpolate@3.0.0
39 silly idealTree:prePrune ├── lodash.assign@3.2.0
39 silly idealTree:prePrune ├── lodash.defaults@3.1.2
39 silly idealTree:prePrune ├── lodash.escape@3.0.0
39 silly idealTree:prePrune ├── lodash.flatten@3.0.2
39 silly idealTree:prePrune ├── lodash.isarguments@3.0.4
39 silly idealTree:prePrune ├── lodash.isarray@3.0.4
39 silly idealTree:prePrune ├── lodash.keys@3.1.2
39 silly idealTree:prePrune ├── lodash.memoize@3.0.4
39 silly idealTree:prePrune ├── lodash.restparam@3.6.1
39 silly idealTree:prePrune ├── lodash.template@3.6.2
39 silly idealTree:prePrune ├── lodash.templatesettings@3.1.0
39 silly idealTree:prePrune ├── lodash@3.10.1
39 silly idealTree:prePrune ├── longest@1.0.1
39 silly idealTree:prePrune ├── loud-rejection@1.0.0
39 silly idealTree:prePrune ├── lowercase-keys@1.0.0
39 silly idealTree:prePrune ├── lru-cache@2.7.0
39 silly idealTree:prePrune ├── map-obj@1.0.1
39 silly idealTree:prePrune ├── map-stream@0.1.0
39 silly idealTree:prePrune ├── media-typer@0.3.0
39 silly idealTree:prePrune ├── meow@3.5.0
39 silly idealTree:prePrune ├── merge-descriptors@1.0.0
39 silly idealTree:prePrune ├─┬ method-override@2.3.5
39 silly idealTree:prePrune │ └── vary@1.0.1
39 silly idealTree:prePrune ├── methods@1.1.1
39 silly idealTree:prePrune ├─┬ micromatch@2.2.0
39 silly idealTree:prePrune │ └── kind-of@1.1.0
39 silly idealTree:prePrune ├── miller-rabin@4.0.0
39 silly idealTree:prePrune ├── mime-db@1.19.0
39 silly idealTree:prePrune ├── mime-types@2.1.7
39 silly idealTree:prePrune ├── mime@1.3.4
39 silly idealTree:prePrune ├── minimalistic-assert@1.0.0
39 silly idealTree:prePrune ├── minimatch@2.0.10
39 silly idealTree:prePrune ├── minimist@1.2.0
39 silly idealTree:prePrune ├─┬ mkdirp@0.5.1
39 silly idealTree:prePrune │ └── minimist@0.0.8
39 silly idealTree:prePrune ├─┬ module-deps@3.9.1
39 silly idealTree:prePrune │ └── readable-stream@1.1.13
39 silly idealTree:prePrune ├── mongodb-core@1.2.19
39 silly idealTree:prePrune ├── mongodb@2.0.46
39 silly idealTree:prePrune ├─┬ mongoose-paginate@4.2.0
39 silly idealTree:prePrune │ ├── async@1.4.2
39 silly idealTree:prePrune │ ├── bluebird@2.9.34
39 silly idealTree:prePrune │ ├─┬ mongoose@4.1.12
39 silly idealTree:prePrune │ │ └── async@0.9.0
39 silly idealTree:prePrune │ └── ms@0.1.0
39 silly idealTree:prePrune ├── mongoose@4.2.4
39 silly idealTree:prePrune ├── mpath@0.1.1
39 silly idealTree:prePrune ├── mpromise@0.5.4
39 silly idealTree:prePrune ├── mquery@1.6.3
39 silly idealTree:prePrune ├── ms@0.7.1
39 silly idealTree:prePrune ├── multipipe@0.1.2
39 silly idealTree:prePrune ├── muri@1.0.0
39 silly idealTree:prePrune ├── nan@2.0.9
39 silly idealTree:prePrune ├── negotiator@0.5.3
39 silly idealTree:prePrune ├── nested-error-stacks@1.0.1
39 silly idealTree:prePrune ├─┬ nodemon@1.8.1
39 silly idealTree:prePrune │ ├── es6-promise@3.0.2
39 silly idealTree:prePrune │ └── minimatch@3.0.0
39 silly idealTree:prePrune ├── nopt@1.0.10
39 silly idealTree:prePrune ├── normalize-package-data@2.3.5
39 silly idealTree:prePrune ├── number-is-nan@1.0.0
39 silly idealTree:prePrune ├── object-assign@4.0.1
39 silly idealTree:prePrune ├── object-keys@1.0.9
39 silly idealTree:prePrune ├─┬ object.omit@1.1.0
39 silly idealTree:prePrune │ └── isobject@1.0.2
39 silly idealTree:prePrune ├── on-finished@2.3.0
39 silly idealTree:prePrune ├── once@1.3.2
39 silly idealTree:prePrune ├── orchestrator@0.3.7
39 silly idealTree:prePrune ├── ordered-read-streams@0.1.0
39 silly idealTree:prePrune ├── os-browserify@0.1.2
39 silly idealTree:prePrune ├── os-homedir@1.0.1
39 silly idealTree:prePrune ├── os-locale@1.4.0
39 silly idealTree:prePrune ├── os-tmpdir@1.0.1
39 silly idealTree:prePrune ├── osenv@0.1.3
39 silly idealTree:prePrune ├─┬ outpipe@1.1.1
39 silly idealTree:prePrune │ └── shell-quote@1.4.3
39 silly idealTree:prePrune ├── output-file-sync@1.1.1
39 silly idealTree:prePrune ├── package-json@1.2.0
39 silly idealTree:prePrune ├── pako@0.2.8
39 silly idealTree:prePrune ├── parents@1.0.1
39 silly idealTree:prePrune ├── parse-asn1@5.0.0
39 silly idealTree:prePrune ├─┬ parse-glob@3.0.4
39 silly idealTree:prePrune │ └── is-glob@2.0.1
39 silly idealTree:prePrune ├── parse-json@2.2.0
39 silly idealTree:prePrune ├── parseurl@1.3.0
39 silly idealTree:prePrune ├── path-browserify@0.0.0
39 silly idealTree:prePrune ├── path-exists@1.0.0
39 silly idealTree:prePrune ├── path-is-absolute@1.0.0
39 silly idealTree:prePrune ├── path-platform@0.11.15
39 silly idealTree:prePrune ├── path-to-regexp@0.1.7
39 silly idealTree:prePrune ├─┬ path-type@1.0.0
39 silly idealTree:prePrune │ └── graceful-fs@4.1.2
39 silly idealTree:prePrune ├── pause-stream@0.0.11
39 silly idealTree:prePrune ├── pbkdf2@3.0.4
39 silly idealTree:prePrune ├── pify@2.3.0
39 silly idealTree:prePrune ├── pinkie-promise@1.0.0
39 silly idealTree:prePrune ├── pinkie@1.0.0
39 silly idealTree:prePrune ├── prepend-http@1.0.3
39 silly idealTree:prePrune ├── preserve@0.2.0
39 silly idealTree:prePrune ├── pretty-hrtime@1.0.1
39 silly idealTree:prePrune ├── private@0.1.6
39 silly idealTree:prePrune ├── process-nextick-args@1.0.3
39 silly idealTree:prePrune ├── process@0.11.2
39 silly idealTree:prePrune ├── proxy-addr@1.0.8
39 silly idealTree:prePrune ├── ps-tree@1.0.1
39 silly idealTree:prePrune ├── public-encrypt@4.0.0
39 silly idealTree:prePrune ├── punycode@1.3.2
39 silly idealTree:prePrune ├── q@1.1.2
39 silly idealTree:prePrune ├── qs@5.1.0
39 silly idealTree:prePrune ├── querystring-es3@0.2.1
39 silly idealTree:prePrune ├── querystring@0.2.0
39 silly idealTree:prePrune ├─┬ randomatic@1.1.0
39 silly idealTree:prePrune │ └── kind-of@1.1.0
39 silly idealTree:prePrune ├── randombytes@2.0.1
39 silly idealTree:prePrune ├── range-parser@1.0.3
39 silly idealTree:prePrune ├── raw-body@2.1.4
39 silly idealTree:prePrune ├── rc@1.1.2
39 silly idealTree:prePrune ├─┬ read-all-stream@3.0.1
39 silly idealTree:prePrune │ └── readable-stream@2.0.4
39 silly idealTree:prePrune ├── read-only-stream@1.1.1
39 silly idealTree:prePrune ├── read-pkg-up@1.0.1
39 silly idealTree:prePrune ├── read-pkg@1.1.0
39 silly idealTree:prePrune ├── readable-stream@1.0.31
39 silly idealTree:prePrune ├─┬ readable-wrap@1.0.0
39 silly idealTree:prePrune │ └── readable-stream@1.1.13
39 silly idealTree:prePrune ├─┬ readdirp@2.0.0
39 silly idealTree:prePrune │ ├── graceful-fs@4.1.2
39 silly idealTree:prePrune │ └── readable-stream@2.0.4
39 silly idealTree:prePrune ├── recast@0.10.33
39 silly idealTree:prePrune ├── rechoir@0.6.2
39 silly idealTree:prePrune ├── redent@1.0.0
39 silly idealTree:prePrune ├── regenerate@1.2.1
39 silly idealTree:prePrune ├── regenerator@0.8.40
39 silly idealTree:prePrune ├── regex-cache@0.4.2
39 silly idealTree:prePrune ├── regexp-clone@0.0.1
39 silly idealTree:prePrune ├─┬ regexpu@1.3.0
39 silly idealTree:prePrune │ └── esprima@2.7.0
39 silly idealTree:prePrune ├── registry-url@3.0.3
39 silly idealTree:prePrune ├── regjsgen@0.2.0
39 silly idealTree:prePrune ├── regjsparser@0.1.5
39 silly idealTree:prePrune ├── repeat-element@1.1.2
39 silly idealTree:prePrune ├── repeat-string@1.5.2
39 silly idealTree:prePrune ├── repeating@1.1.3
39 silly idealTree:prePrune ├── replace-ext@0.0.1
39 silly idealTree:prePrune ├── resolve@1.1.6
39 silly idealTree:prePrune ├── right-align@0.1.3
39 silly idealTree:prePrune ├── ripemd160@1.0.1
39 silly idealTree:prePrune ├── semver-diff@2.0.0
39 silly idealTree:prePrune ├── semver@4.3.6
39 silly idealTree:prePrune ├─┬ send@0.13.0
39 silly idealTree:prePrune │ └── depd@1.0.1
39 silly idealTree:prePrune ├── sequencify@0.0.7
39 silly idealTree:prePrune ├── serve-static@1.10.0
39 silly idealTree:prePrune ├── sha.js@2.4.4
39 silly idealTree:prePrune ├── shasum@1.0.2
39 silly idealTree:prePrune ├── shebang-regex@1.0.0
39 silly idealTree:prePrune ├── shell-quote@0.0.1
39 silly idealTree:prePrune ├── sigmund@1.0.1
39 silly idealTree:prePrune ├── simple-fmt@0.1.0
39 silly idealTree:prePrune ├── simple-is@0.2.0
39 silly idealTree:prePrune ├── slash@1.0.0
39 silly idealTree:prePrune ├── sliced@0.0.5
39 silly idealTree:prePrune ├── slide@1.1.6
39 silly idealTree:prePrune ├─┬ source-map-support@0.2.10
39 silly idealTree:prePrune │ └── source-map@0.1.32
39 silly idealTree:prePrune ├── source-map@0.5.3
39 silly idealTree:prePrune ├── sparkles@1.0.0
39 silly idealTree:prePrune ├── spdx-correct@1.0.2
39 silly idealTree:prePrune ├── spdx-exceptions@1.0.3
39 silly idealTree:prePrune ├── spdx-expression-parse@1.0.0
39 silly idealTree:prePrune ├── spdx-license-ids@1.1.0
39 silly idealTree:prePrune ├── split@0.3.3
39 silly idealTree:prePrune ├── stable@0.1.5
39 silly idealTree:prePrune ├── statuses@1.2.1
39 silly idealTree:prePrune ├─┬ stream-browserify@2.0.1
39 silly idealTree:prePrune │ └── readable-stream@2.0.4
39 silly idealTree:prePrune ├─┬ stream-combiner2@1.0.2
39 silly idealTree:prePrune │ ├── through2@0.5.1
39 silly idealTree:prePrune │ └── xtend@3.0.0
39 silly idealTree:prePrune ├── stream-combiner@0.0.4
39 silly idealTree:prePrune ├── stream-consume@0.1.0
39 silly idealTree:prePrune ├── stream-http@1.7.1
39 silly idealTree:prePrune ├─┬ stream-splicer@1.3.2
39 silly idealTree:prePrune │ └── readable-stream@1.1.13
39 silly idealTree:prePrune ├── string-length@1.0.1
39 silly idealTree:prePrune ├── string_decoder@0.10.31
39 silly idealTree:prePrune ├── stringmap@0.2.2
39 silly idealTree:prePrune ├── stringset@0.2.1
39 silly idealTree:prePrune ├── strip-ansi@3.0.0
39 silly idealTree:prePrune ├── strip-bom@2.0.0
39 silly idealTree:prePrune ├── strip-indent@1.0.1
39 silly idealTree:prePrune ├── strip-json-comments@0.1.3
39 silly idealTree:prePrune ├── subarg@1.0.0
39 silly idealTree:prePrune ├── success-symbol@0.1.0
39 silly idealTree:prePrune ├── supports-color@2.0.0
39 silly idealTree:prePrune ├── syntax-error@1.1.4
39 silly idealTree:prePrune ├─┬ through2@1.1.1
39 silly idealTree:prePrune │ └── readable-stream@1.1.13
39 silly idealTree:prePrune ├── through@2.3.8
39 silly idealTree:prePrune ├── tildify@1.1.2
39 silly idealTree:prePrune ├── timed-out@2.0.0
39 silly idealTree:prePrune ├── timers-browserify@1.4.1
39 silly idealTree:prePrune ├── to-fast-properties@1.0.1
39 silly idealTree:prePrune ├── touch@1.0.0
39 silly idealTree:prePrune ├── trim-newlines@1.0.0
39 silly idealTree:prePrune ├── trim-right@1.0.1
39 silly idealTree:prePrune ├── try-resolve@1.0.1
39 silly idealTree:prePrune ├── tryor@0.1.2
39 silly idealTree:prePrune ├── tty-browserify@0.0.0
39 silly idealTree:prePrune ├── type-is@1.6.9
39 silly idealTree:prePrune ├── typedarray@0.0.6
39 silly idealTree:prePrune ├─┬ uglify-js@2.5.0
39 silly idealTree:prePrune │ ├── async@0.2.10
39 silly idealTree:prePrune │ ├── window-size@0.1.0
39 silly idealTree:prePrune │ └── yargs@3.5.4
39 silly idealTree:prePrune ├── uglify-save-license@0.4.1
39 silly idealTree:prePrune ├── uglify-to-browserify@1.0.2
39 silly idealTree:prePrune ├── umd@3.0.1
39 silly idealTree:prePrune ├── undefsafe@0.0.3
39 silly idealTree:prePrune ├── unique-stream@1.0.0
39 silly idealTree:prePrune ├── unpipe@1.0.0
39 silly idealTree:prePrune ├── update-notifier@0.5.0
39 silly idealTree:prePrune ├── url@0.10.3
39 silly idealTree:prePrune ├── user-home@1.1.1
39 silly idealTree:prePrune ├── util-deprecate@1.0.2
39 silly idealTree:prePrune ├── util@0.10.3
39 silly idealTree:prePrune ├── utils-merge@1.0.0
39 silly idealTree:prePrune ├── uuid@2.0.1
39 silly idealTree:prePrune ├── v8flags@2.0.10
39 silly idealTree:prePrune ├── validate-npm-package-license@3.0.1
39 silly idealTree:prePrune ├── vary@1.1.0
39 silly idealTree:prePrune ├─┬ vinyl-buffer@1.0.0
39 silly idealTree:prePrune │ ├── readable-stream@1.0.33
39 silly idealTree:prePrune │ └── through2@0.6.5
39 silly idealTree:prePrune ├─┬ vinyl-fs@0.3.14
39 silly idealTree:prePrune │ ├── clone@0.2.0
39 silly idealTree:prePrune │ ├── readable-stream@1.0.33
39 silly idealTree:prePrune │ ├── strip-bom@1.0.0
39 silly idealTree:prePrune │ ├── through2@0.6.5
39 silly idealTree:prePrune │ └── vinyl@0.4.6
39 silly idealTree:prePrune ├─┬ vinyl-source-stream@1.1.0
39 silly idealTree:prePrune │ ├── clone@0.2.0
39 silly idealTree:prePrune │ ├── readable-stream@1.0.33
39 silly idealTree:prePrune │ ├── through2@0.6.5
39 silly idealTree:prePrune │ └── vinyl@0.4.6
39 silly idealTree:prePrune ├── vinyl-sourcemaps-apply@0.2.0
39 silly idealTree:prePrune ├── vinyl@0.5.3
39 silly idealTree:prePrune ├── vm-browserify@0.0.4
39 silly idealTree:prePrune ├─┬ watchify@3.6.0
39 silly idealTree:prePrune │ ├── browser-pack@6.0.1
39 silly idealTree:prePrune │ ├── browserify@12.0.1
39 silly idealTree:prePrune │ ├── combine-source-map@0.7.1
39 silly idealTree:prePrune │ ├── concat-stream@1.5.1
39 silly idealTree:prePrune │ ├── constants-browserify@1.0.0
39 silly idealTree:prePrune │ ├── deps-sort@2.0.0
39 silly idealTree:prePrune │ ├── duplexer2@0.1.2
39 silly idealTree:prePrune │ ├── events@1.1.0
39 silly idealTree:prePrune │ ├── glob@5.0.15
39 silly idealTree:prePrune │ ├── inline-source-map@0.6.1
39 silly idealTree:prePrune │ ├── insert-module-globals@7.0.1
39 silly idealTree:prePrune │ ├── labeled-stream-splicer@2.0.0
39 silly idealTree:prePrune │ ├── module-deps@4.0.2
39 silly idealTree:prePrune │ ├── read-only-stream@2.0.0
39 silly idealTree:prePrune │ ├── readable-stream@2.0.4
39 silly idealTree:prePrune │ ├── shell-quote@1.4.3
39 silly idealTree:prePrune │ ├── source-map@0.4.2
39 silly idealTree:prePrune │ ├── stream-combiner2@1.1.1
39 silly idealTree:prePrune │ ├── stream-http@2.0.2
39 silly idealTree:prePrune │ ├── stream-splicer@2.0.0
39 silly idealTree:prePrune │ ├── through2@2.0.0
39 silly idealTree:prePrune │ └── url@0.11.0
39 silly idealTree:prePrune ├── window-size@0.1.2
39 silly idealTree:prePrune ├── wordwrap@0.0.2
39 silly idealTree:prePrune ├── wrappy@1.0.1
39 silly idealTree:prePrune ├─┬ write-file-atomic@1.1.3
39 silly idealTree:prePrune │ └── graceful-fs@4.1.2
39 silly idealTree:prePrune ├── xdg-basedir@2.0.0
39 silly idealTree:prePrune ├── xtend@4.0.1
39 silly idealTree:prePrune ├── y18n@3.2.0
39 silly idealTree:prePrune └── yargs@3.27.0
40 silly loadIdealTree Finishing
41 silly currentTree padaria-gege@0.0.1
41 silly currentTree ├── JSONStream@1.0.6
41 silly currentTree ├── abbrev@1.0.7
41 silly currentTree ├── accepts@1.2.13
41 silly currentTree ├── acorn@1.2.2
41 silly currentTree ├── align-text@0.1.3
41 silly currentTree ├── alter@0.2.0
41 silly currentTree ├── amdefine@1.0.0
41 silly currentTree ├── ansi-green@0.1.1
41 silly currentTree ├── ansi-regex@2.0.0
41 silly currentTree ├── ansi-styles@2.1.0
41 silly currentTree ├── ansi-wrap@0.1.0
41 silly currentTree ├── anymatch@1.3.0
41 silly currentTree ├── archy@1.0.0
41 silly currentTree ├── arr-diff@1.1.0
41 silly currentTree ├── arr-flatten@1.0.1
41 silly currentTree ├── array-differ@1.0.0
41 silly currentTree ├── array-filter@0.0.1
41 silly currentTree ├── array-flatten@1.1.1
41 silly currentTree ├── array-map@0.0.0
41 silly currentTree ├── array-reduce@0.0.0
41 silly currentTree ├── array-slice@0.2.3
41 silly currentTree ├── array-uniq@1.0.2
41 silly currentTree ├── array-unique@0.2.1
41 silly currentTree ├── arrify@1.0.0
41 silly currentTree ├── asn1.js@4.0.0
41 silly currentTree ├── assert@1.3.0
41 silly currentTree ├── ast-traverse@0.1.1
41 silly currentTree ├── ast-types@0.8.12
41 silly currentTree ├── astw@2.0.0
41 silly currentTree ├── async-each@0.1.6
41 silly currentTree ├── async@0.9.0
41 silly currentTree ├─┬ babel-core@5.8.33
41 silly currentTree │ └── bluebird@2.10.2
41 silly currentTree ├── babel-plugin-constant-folding@1.0.1
41 silly currentTree ├── babel-plugin-dead-code-elimination@1.0.2
41 silly currentTree ├── babel-plugin-eval@1.0.1
41 silly currentTree ├── babel-plugin-inline-environment-variables@1.0.1
41 silly currentTree ├── babel-plugin-jscript@1.0.4
41 silly currentTree ├── babel-plugin-member-expression-literals@1.0.1
41 silly currentTree ├── babel-plugin-property-literals@1.0.1
41 silly currentTree ├── babel-plugin-proto-to-assign@1.0.4
41 silly currentTree ├── babel-plugin-react-constant-elements@1.0.3
41 silly currentTree ├── babel-plugin-react-display-name@1.0.3
41 silly currentTree ├── babel-plugin-remove-console@1.0.1
41 silly currentTree ├── babel-plugin-remove-debugger@1.0.1
41 silly currentTree ├── babel-plugin-runtime@1.0.7
41 silly currentTree ├── babel-plugin-undeclared-variables-check@1.0.2
41 silly currentTree ├── babel-plugin-undefined-to-void@1.1.6
41 silly currentTree ├── babelify@6.4.0
41 silly currentTree ├── babylon@5.8.29
41 silly currentTree ├── balanced-match@0.2.1
41 silly currentTree ├── base64-js@0.0.8
41 silly currentTree ├── beeper@1.1.0
41 silly currentTree ├── binary-extensions@1.3.1
41 silly currentTree ├── bl@0.9.4
41 silly currentTree ├── bluebird@2.9.26
41 silly currentTree ├── bn.js@4.1.1
41 silly currentTree ├── body-parser@1.14.1
41 silly currentTree ├── brace-expansion@1.1.1
41 silly currentTree ├── braces@1.8.2
41 silly currentTree ├── breakable@1.0.0
41 silly currentTree ├── brorand@1.0.5
41 silly currentTree ├── browser-pack@5.0.1
41 silly currentTree ├── browser-resolve@1.10.1
41 silly currentTree ├── browserify-aes@1.0.5
41 silly currentTree ├── browserify-cipher@1.0.0
41 silly currentTree ├── browserify-des@1.0.0
41 silly currentTree ├── browserify-rsa@4.0.0
41 silly currentTree ├── browserify-sign@4.0.0
41 silly currentTree ├── browserify-zlib@0.1.4
41 silly currentTree ├─┬ browserify@11.2.0
41 silly currentTree │ └── readable-stream@2.0.4
41 silly currentTree ├── bson@0.4.19
41 silly currentTree ├── buffer-xor@1.0.3
41 silly currentTree ├── buffer@3.5.1
41 silly currentTree ├── builtin-modules@1.1.0
41 silly currentTree ├── builtin-status-codes@1.0.0
41 silly currentTree ├── builtins@0.0.7
41 silly currentTree ├── bytes@2.1.0
41 silly currentTree ├── camelcase-keys@1.0.0
41 silly currentTree ├── camelcase@1.2.1
41 silly currentTree ├── center-align@0.1.2
41 silly currentTree ├── chalk@1.1.1
41 silly currentTree ├─┬ chokidar@1.2.0
41 silly currentTree │ └── is-glob@2.0.1
41 silly currentTree ├── cipher-base@1.0.2
41 silly currentTree ├── cliui@2.1.0
41 silly currentTree ├── clone-stats@0.0.1
41 silly currentTree ├── clone@1.0.2
41 silly currentTree ├─┬ combine-source-map@0.6.1
41 silly currentTree │ └── source-map@0.4.4
41 silly currentTree ├── commander@2.5.1
41 silly currentTree ├── commondir@0.0.1
41 silly currentTree ├── commoner@0.10.3
41 silly currentTree ├── concat-map@0.0.1
41 silly currentTree ├─┬ concat-stream@1.4.10
41 silly currentTree │ └── readable-stream@1.1.13
41 silly currentTree ├─┬ configstore@1.3.0
41 silly currentTree │ └── graceful-fs@4.1.2
41 silly currentTree ├── console-browserify@1.1.0
41 silly currentTree ├── constants-browserify@0.0.1
41 silly currentTree ├── content-disposition@0.5.0
41 silly currentTree ├── content-type@1.0.1
41 silly currentTree ├── convert-source-map@1.1.1
41 silly currentTree ├── cookie-signature@1.0.6
41 silly currentTree ├── cookie@0.1.3
41 silly currentTree ├── core-js@1.2.5
41 silly currentTree ├── core-util-is@1.0.1
41 silly currentTree ├── cors@2.7.1
41 silly currentTree ├── create-ecdh@4.0.0
41 silly currentTree ├── create-hash@1.1.2
41 silly currentTree ├── create-hmac@1.1.4
41 silly currentTree ├── crypto-browserify@3.11.0
41 silly currentTree ├── date-now@0.1.4
41 silly currentTree ├── dateformat@1.0.11
41 silly currentTree ├── deap@1.0.0
41 silly currentTree ├── debug@2.2.0
41 silly currentTree ├── decamelize@1.1.1
41 silly currentTree ├── deep-extend@0.2.11
41 silly currentTree ├── defaults@1.0.3
41 silly currentTree ├── defined@1.0.0
41 silly currentTree ├── defs@1.1.1
41 silly currentTree ├── depd@1.1.0
41 silly currentTree ├── deprecated@0.0.1
41 silly currentTree ├── deps-sort@1.3.9
41 silly currentTree ├── des.js@1.0.0
41 silly currentTree ├── destroy@1.0.3
41 silly currentTree ├── detect-indent@3.0.1
41 silly currentTree ├── detective@4.3.1
41 silly currentTree ├── diffie-hellman@5.0.0
41 silly currentTree ├── domain-browser@1.1.4
41 silly currentTree ├─┬ duplexer2@0.0.2
41 silly currentTree │ └── readable-stream@1.1.13
41 silly currentTree ├── duplexer@0.1.1
41 silly currentTree ├─┬ duplexify@3.4.2
41 silly currentTree │ ├── end-of-stream@1.0.0
41 silly currentTree │ └── readable-stream@2.0.4
41 silly currentTree ├── ee-first@1.1.1
41 silly currentTree ├── elliptic@6.0.1
41 silly currentTree ├── end-of-stream@0.1.5
41 silly currentTree ├── error-ex@1.2.0
41 silly currentTree ├── es6-promise@2.1.1
41 silly currentTree ├── escape-html@1.0.2
41 silly currentTree ├── escape-string-regexp@1.0.3
41 silly currentTree ├── esprima-fb@15001.1001.0-dev-harmony-fb
41 silly currentTree ├── esutils@2.0.2
41 silly currentTree ├── etag@1.7.0
41 silly currentTree ├── event-stream@3.3.2
41 silly currentTree ├── events@1.0.2
41 silly currentTree ├── evp_bytestokey@1.0.0
41 silly currentTree ├── expand-brackets@0.1.4
41 silly currentTree ├── expand-range@1.8.1
41 silly currentTree ├─┬ express@4.13.3
41 silly currentTree │ ├── depd@1.0.1
41 silly currentTree │ ├── qs@4.0.0
41 silly currentTree │ └── vary@1.0.1
41 silly currentTree ├── extend@2.0.1
41 silly currentTree ├── extglob@0.3.1
41 silly currentTree ├── fancy-log@1.1.0
41 silly currentTree ├── filename-regex@2.0.0
41 silly currentTree ├─┬ fill-range@2.2.2
41 silly currentTree │ └── isobject@1.0.2
41 silly currentTree ├── finalhandler@0.4.0
41 silly currentTree ├── find-index@0.1.1
41 silly currentTree ├─┬ find-up@1.0.0
41 silly currentTree │ └── path-exists@2.0.0
41 silly currentTree ├─┬ findup-sync@0.3.0
41 silly currentTree │ └── glob@5.0.15
41 silly currentTree ├── first-chunk-stream@1.0.0
41 silly currentTree ├── flagged-respawn@0.3.1
41 silly currentTree ├── for-in@0.1.4
41 silly currentTree ├── for-own@0.1.3
41 silly currentTree ├── foreach@2.0.5
41 silly currentTree ├── forwarded@0.1.0
41 silly currentTree ├── fresh@0.3.0
41 silly currentTree ├── from@0.1.3
41 silly currentTree ├── fs-readdir-recursive@0.1.2
41 silly currentTree ├── function-bind@1.0.2
41 silly currentTree ├── gaze@0.5.2
41 silly currentTree ├── get-stdin@4.0.1
41 silly currentTree ├─┬ glob-base@0.3.0
41 silly currentTree │ └── is-glob@2.0.1
41 silly currentTree ├─┬ glob-parent@2.0.0
41 silly currentTree │ └── is-glob@2.0.1
41 silly currentTree ├─┬ glob-stream@3.1.18
41 silly currentTree │ ├── glob@4.5.3
41 silly currentTree │ ├── readable-stream@1.0.33
41 silly currentTree │ └── through2@0.6.5
41 silly currentTree ├── glob-watcher@0.0.6
41 silly currentTree ├── glob2base@0.0.12
41 silly currentTree ├─┬ glob@4.2.2
41 silly currentTree │ └── minimatch@1.0.0
41 silly currentTree ├── globals@6.4.1
41 silly currentTree ├─┬ globule@0.1.0
41 silly currentTree │ ├── glob@3.1.21
41 silly currentTree │ ├── graceful-fs@1.2.3
41 silly currentTree │ ├── inherits@1.0.2
41 silly currentTree │ ├── lodash@1.0.2
41 silly currentTree │ └── minimatch@0.2.14
41 silly currentTree ├── glogg@1.0.0
41 silly currentTree ├─┬ got@3.3.1
41 silly currentTree │ └── object-assign@3.0.0
41 silly currentTree ├── graceful-fs@3.0.8
41 silly currentTree ├─┬ gulp-sourcemaps@1.6.0
41 silly currentTree │ ├── graceful-fs@4.1.2
41 silly currentTree │ ├── readable-stream@2.0.4
41 silly currentTree │ ├── through2@2.0.0
41 silly currentTree │ └── vinyl@1.1.0
41 silly currentTree ├─┬ gulp-uglify@1.4.2
41 silly currentTree │ ├── readable-stream@2.0.4
41 silly currentTree │ └── through2@2.0.0
41 silly currentTree ├─┬ gulp-util@3.0.7
41 silly currentTree │ ├── object-assign@3.0.0
41 silly currentTree │ ├── readable-stream@2.0.4
41 silly currentTree │ └── through2@2.0.0
41 silly currentTree ├── gulp@3.9.0
41 silly currentTree ├── gulplog@1.0.0
41 silly currentTree ├── has-ansi@2.0.0
41 silly currentTree ├── has-gulplog@0.1.0
41 silly currentTree ├── has@1.0.1
41 silly currentTree ├── hash.js@1.0.3
41 silly currentTree ├── home-or-tmp@1.0.0
41 silly currentTree ├── hooks-fixed@1.1.0
41 silly currentTree ├── hosted-git-info@2.1.4
41 silly currentTree ├── htmlescape@1.1.0
41 silly currentTree ├── http-errors@1.3.1
41 silly currentTree ├── https-browserify@0.0.1
41 silly currentTree ├── iconv-lite@0.4.12
41 silly currentTree ├── ieee754@1.1.6
41 silly currentTree ├─┬ indent-string@2.1.0
41 silly currentTree │ └── repeating@2.0.0
41 silly currentTree ├── indexof@0.0.1
41 silly currentTree ├── infinity-agent@2.0.3
41 silly currentTree ├── inflight@1.0.4
41 silly currentTree ├── inherits@2.0.1
41 silly currentTree ├── ini@1.3.4
41 silly currentTree ├─┬ inline-source-map@0.5.0
41 silly currentTree │ └── source-map@0.4.4
41 silly currentTree ├── insert-module-globals@6.6.3
41 silly currentTree ├── install@0.1.8
41 silly currentTree ├── interpret@0.6.6
41 silly currentTree ├── invert-kv@1.0.0
41 silly currentTree ├── ipaddr.js@1.0.1
41 silly currentTree ├── is-array@1.0.1
41 silly currentTree ├── is-binary-path@1.0.1
41 silly currentTree ├── is-buffer@1.1.0
41 silly currentTree ├── is-builtin-module@1.0.0
41 silly currentTree ├── is-dotfile@1.0.2
41 silly currentTree ├── is-equal-shallow@0.1.3
41 silly currentTree ├── is-extglob@1.0.0
41 silly currentTree ├── is-finite@1.0.1
41 silly currentTree ├── is-glob@1.1.3
41 silly currentTree ├── is-integer@1.0.6
41 silly currentTree ├── is-npm@1.0.0
41 silly currentTree ├── is-number@1.1.2
41 silly currentTree ├── is-primitive@2.0.0
41 silly currentTree ├── is-redirect@1.0.0
41 silly currentTree ├── is-stream@1.0.1
41 silly currentTree ├── is-utf8@0.2.0
41 silly currentTree ├── isarray@0.0.1
41 silly currentTree ├── isobject@2.0.0
41 silly currentTree ├── js-tokens@1.0.1
41 silly currentTree ├── jsesc@0.5.0
41 silly currentTree ├── json-stable-stringify@0.0.1
41 silly currentTree ├── json5@0.4.0
41 silly currentTree ├── jsonify@0.0.0
41 silly currentTree ├── jsonparse@1.2.0
41 silly currentTree ├── kareem@1.0.1
41 silly currentTree ├── kerberos@0.0.17
41 silly currentTree ├── kind-of@2.0.1
41 silly currentTree ├── labeled-stream-splicer@1.0.2
41 silly currentTree ├── latest-version@1.0.1
41 silly currentTree ├── lazy-cache@0.2.4
41 silly currentTree ├── lcid@1.0.0
41 silly currentTree ├── left-pad@0.0.3
41 silly currentTree ├── leven@1.0.2
41 silly currentTree ├── lexical-scope@1.2.0
41 silly currentTree ├── liftoff@2.2.0
41 silly currentTree ├── line-numbers@0.2.0
41 silly currentTree ├─┬ load-json-file@1.0.1
41 silly currentTree │ └── graceful-fs@4.1.2
41 silly currentTree ├── lodash._baseassign@3.2.0
41 silly currentTree ├── lodash._basecopy@3.0.1
41 silly currentTree ├── lodash._baseflatten@3.1.4
41 silly currentTree ├── lodash._basetostring@3.0.1
41 silly currentTree ├── lodash._basevalues@3.0.0
41 silly currentTree ├── lodash._bindcallback@3.0.1
41 silly currentTree ├── lodash._createassigner@3.1.1
41 silly currentTree ├── lodash._getnative@3.9.1
41 silly currentTree ├── lodash._isiterateecall@3.0.9
41 silly currentTree ├── lodash._reescape@3.0.0
41 silly currentTree ├── lodash._reevaluate@3.0.0
41 silly currentTree ├── lodash._reinterpolate@3.0.0
41 silly currentTree ├── lodash.assign@3.2.0
41 silly currentTree ├── lodash.defaults@3.1.2
41 silly currentTree ├── lodash.escape@3.0.0
41 silly currentTree ├── lodash.flatten@3.0.2
41 silly currentTree ├── lodash.isarguments@3.0.4
41 silly currentTree ├── lodash.isarray@3.0.4
41 silly currentTree ├── lodash.keys@3.1.2
41 silly currentTree ├── lodash.memoize@3.0.4
41 silly currentTree ├── lodash.restparam@3.6.1
41 silly currentTree ├── lodash.template@3.6.2
41 silly currentTree ├── lodash.templatesettings@3.1.0
41 silly currentTree ├── lodash@3.10.1
41 silly currentTree ├── longest@1.0.1
41 silly currentTree ├── loud-rejection@1.0.0
41 silly currentTree ├── lowercase-keys@1.0.0
41 silly currentTree ├── lru-cache@2.7.0
41 silly currentTree ├── map-obj@1.0.1
41 silly currentTree ├── map-stream@0.1.0
41 silly currentTree ├── media-typer@0.3.0
41 silly currentTree ├── meow@3.5.0
41 silly currentTree ├── merge-descriptors@1.0.0
41 silly currentTree ├─┬ method-override@2.3.5
41 silly currentTree │ └── vary@1.0.1
41 silly currentTree ├── methods@1.1.1
41 silly currentTree ├─┬ micromatch@2.2.0
41 silly currentTree │ └── kind-of@1.1.0
41 silly currentTree ├── miller-rabin@4.0.0
41 silly currentTree ├── mime-db@1.19.0
41 silly currentTree ├── mime-types@2.1.7
41 silly currentTree ├── mime@1.3.4
41 silly currentTree ├── minimalistic-assert@1.0.0
41 silly currentTree ├── minimatch@2.0.10
41 silly currentTree ├── minimist@1.2.0
41 silly currentTree ├─┬ mkdirp@0.5.1
41 silly currentTree │ └── minimist@0.0.8
41 silly currentTree ├─┬ module-deps@3.9.1
41 silly currentTree │ └── readable-stream@1.1.13
41 silly currentTree ├── mongodb-core@1.2.19
41 silly currentTree ├── mongodb@2.0.46
41 silly currentTree ├─┬ mongoose-paginate@4.2.0
41 silly currentTree │ ├── async@1.4.2
41 silly currentTree │ ├── bluebird@2.9.34
41 silly currentTree │ ├─┬ mongoose@4.1.12
41 silly currentTree │ │ └── async@0.9.0
41 silly currentTree │ └── ms@0.1.0
41 silly currentTree ├── mongoose@4.2.4
41 silly currentTree ├── mpath@0.1.1
41 silly currentTree ├── mpromise@0.5.4
41 silly currentTree ├── mquery@1.6.3
41 silly currentTree ├── ms@0.7.1
41 silly currentTree ├── multipipe@0.1.2
41 silly currentTree ├── muri@1.0.0
41 silly currentTree ├── nan@2.0.9
41 silly currentTree ├── negotiator@0.5.3
41 silly currentTree ├── nested-error-stacks@1.0.1
41 silly currentTree ├─┬ nodemon@1.8.1
41 silly currentTree │ ├── es6-promise@3.0.2
41 silly currentTree │ └── minimatch@3.0.0
41 silly currentTree ├── nopt@1.0.10
41 silly currentTree ├── normalize-package-data@2.3.5
41 silly currentTree ├── number-is-nan@1.0.0
41 silly currentTree ├── object-assign@4.0.1
41 silly currentTree ├── object-keys@1.0.9
41 silly currentTree ├─┬ object.omit@1.1.0
41 silly currentTree │ └── isobject@1.0.2
41 silly currentTree ├── on-finished@2.3.0
41 silly currentTree ├── once@1.3.2
41 silly currentTree ├── orchestrator@0.3.7
41 silly currentTree ├── ordered-read-streams@0.1.0
41 silly currentTree ├── os-browserify@0.1.2
41 silly currentTree ├── os-homedir@1.0.1
41 silly currentTree ├── os-locale@1.4.0
41 silly currentTree ├── os-tmpdir@1.0.1
41 silly currentTree ├── osenv@0.1.3
41 silly currentTree ├─┬ outpipe@1.1.1
41 silly currentTree │ └── shell-quote@1.4.3
41 silly currentTree ├── output-file-sync@1.1.1
41 silly currentTree ├── package-json@1.2.0
41 silly currentTree ├── pako@0.2.8
41 silly currentTree ├── parents@1.0.1
41 silly currentTree ├── parse-asn1@5.0.0
41 silly currentTree ├─┬ parse-glob@3.0.4
41 silly currentTree │ └── is-glob@2.0.1
41 silly currentTree ├── parse-json@2.2.0
41 silly currentTree ├── parseurl@1.3.0
41 silly currentTree ├── path-browserify@0.0.0
41 silly currentTree ├── path-exists@1.0.0
41 silly currentTree ├── path-is-absolute@1.0.0
41 silly currentTree ├── path-platform@0.11.15
41 silly currentTree ├── path-to-regexp@0.1.7
41 silly currentTree ├─┬ path-type@1.0.0
41 silly currentTree │ └── graceful-fs@4.1.2
41 silly currentTree ├── pause-stream@0.0.11
41 silly currentTree ├── pbkdf2@3.0.4
41 silly currentTree ├── pify@2.3.0
41 silly currentTree ├── pinkie-promise@1.0.0
41 silly currentTree ├── pinkie@1.0.0
41 silly currentTree ├── prepend-http@1.0.3
41 silly currentTree ├── preserve@0.2.0
41 silly currentTree ├── pretty-hrtime@1.0.1
41 silly currentTree ├── private@0.1.6
41 silly currentTree ├── process-nextick-args@1.0.3
41 silly currentTree ├── process@0.11.2
41 silly currentTree ├── proxy-addr@1.0.8
41 silly currentTree ├── ps-tree@1.0.1
41 silly currentTree ├── public-encrypt@4.0.0
41 silly currentTree ├── punycode@1.3.2
41 silly currentTree ├── q@1.1.2
41 silly currentTree ├── qs@5.1.0
41 silly currentTree ├── querystring-es3@0.2.1
41 silly currentTree ├── querystring@0.2.0
41 silly currentTree ├─┬ randomatic@1.1.0
41 silly currentTree │ └── kind-of@1.1.0
41 silly currentTree ├── randombytes@2.0.1
41 silly currentTree ├── range-parser@1.0.3
41 silly currentTree ├── raw-body@2.1.4
41 silly currentTree ├── rc@1.1.2
41 silly currentTree ├─┬ read-all-stream@3.0.1
41 silly currentTree │ └── readable-stream@2.0.4
41 silly currentTree ├── read-only-stream@1.1.1
41 silly currentTree ├── read-pkg-up@1.0.1
41 silly currentTree ├── read-pkg@1.1.0
41 silly currentTree ├── readable-stream@1.0.31
41 silly currentTree ├─┬ readable-wrap@1.0.0
41 silly currentTree │ └── readable-stream@1.1.13
41 silly currentTree ├─┬ readdirp@2.0.0
41 silly currentTree │ ├── graceful-fs@4.1.2
41 silly currentTree │ └── readable-stream@2.0.4
41 silly currentTree ├── recast@0.10.33
41 silly currentTree ├── rechoir@0.6.2
41 silly currentTree ├── redent@1.0.0
41 silly currentTree ├── regenerate@1.2.1
41 silly currentTree ├── regenerator@0.8.40
41 silly currentTree ├── regex-cache@0.4.2
41 silly currentTree ├── regexp-clone@0.0.1
41 silly currentTree ├─┬ regexpu@1.3.0
41 silly currentTree │ └── esprima@2.7.0
41 silly currentTree ├── registry-url@3.0.3
41 silly currentTree ├── regjsgen@0.2.0
41 silly currentTree ├── regjsparser@0.1.5
41 silly currentTree ├── repeat-element@1.1.2
41 silly currentTree ├── repeat-string@1.5.2
41 silly currentTree ├── repeating@1.1.3
41 silly currentTree ├── replace-ext@0.0.1
41 silly currentTree ├── resolve@1.1.6
41 silly currentTree ├── right-align@0.1.3
41 silly currentTree ├── ripemd160@1.0.1
41 silly currentTree ├── semver-diff@2.0.0
41 silly currentTree ├── semver@4.3.6
41 silly currentTree ├─┬ send@0.13.0
41 silly currentTree │ └── depd@1.0.1
41 silly currentTree ├── sequencify@0.0.7
41 silly currentTree ├── serve-static@1.10.0
41 silly currentTree ├── sha.js@2.4.4
41 silly currentTree ├── shasum@1.0.2
41 silly currentTree ├── shebang-regex@1.0.0
41 silly currentTree ├── shell-quote@0.0.1
41 silly currentTree ├── sigmund@1.0.1
41 silly currentTree ├── simple-fmt@0.1.0
41 silly currentTree ├── simple-is@0.2.0
41 silly currentTree ├── slash@1.0.0
41 silly currentTree ├── sliced@0.0.5
41 silly currentTree ├── slide@1.1.6
41 silly currentTree ├─┬ source-map-support@0.2.10
41 silly currentTree │ └── source-map@0.1.32
41 silly currentTree ├── source-map@0.5.3
41 silly currentTree ├── sparkles@1.0.0
41 silly currentTree ├── spdx-correct@1.0.2
41 silly currentTree ├── spdx-exceptions@1.0.3
41 silly currentTree ├── spdx-expression-parse@1.0.0
41 silly currentTree ├── spdx-license-ids@1.1.0
41 silly currentTree ├── split@0.3.3
41 silly currentTree ├── stable@0.1.5
41 silly currentTree ├── statuses@1.2.1
41 silly currentTree ├─┬ stream-browserify@2.0.1
41 silly currentTree │ └── readable-stream@2.0.4
41 silly currentTree ├─┬ stream-combiner2@1.0.2
41 silly currentTree │ ├── through2@0.5.1
41 silly currentTree │ └── xtend@3.0.0
41 silly currentTree ├── stream-combiner@0.0.4
41 silly currentTree ├── stream-consume@0.1.0
41 silly currentTree ├── stream-http@1.7.1
41 silly currentTree ├─┬ stream-splicer@1.3.2
41 silly currentTree │ └── readable-stream@1.1.13
41 silly currentTree ├── string-length@1.0.1
41 silly currentTree ├── string_decoder@0.10.31
41 silly currentTree ├── stringmap@0.2.2
41 silly currentTree ├── stringset@0.2.1
41 silly currentTree ├── strip-ansi@3.0.0
41 silly currentTree ├── strip-bom@2.0.0
41 silly currentTree ├── strip-indent@1.0.1
41 silly currentTree ├── strip-json-comments@0.1.3
41 silly currentTree ├── subarg@1.0.0
41 silly currentTree ├── success-symbol@0.1.0
41 silly currentTree ├── supports-color@2.0.0
41 silly currentTree ├── syntax-error@1.1.4
41 silly currentTree ├─┬ through2@1.1.1
41 silly currentTree │ └── readable-stream@1.1.13
41 silly currentTree ├── through@2.3.8
41 silly currentTree ├── tildify@1.1.2
41 silly currentTree ├── timed-out@2.0.0
41 silly currentTree ├── timers-browserify@1.4.1
41 silly currentTree ├── to-fast-properties@1.0.1
41 silly currentTree ├── touch@1.0.0
41 silly currentTree ├── trim-newlines@1.0.0
41 silly currentTree ├── trim-right@1.0.1
41 silly currentTree ├── try-resolve@1.0.1
41 silly currentTree ├── tryor@0.1.2
41 silly currentTree ├── tty-browserify@0.0.0
41 silly currentTree ├── type-is@1.6.9
41 silly currentTree ├── typedarray@0.0.6
41 silly currentTree ├─┬ uglify-js@2.5.0
41 silly currentTree │ ├── async@0.2.10
41 silly currentTree │ ├── window-size@0.1.0
41 silly currentTree │ └── yargs@3.5.4
41 silly currentTree ├── uglify-save-license@0.4.1
41 silly currentTree ├── uglify-to-browserify@1.0.2
41 silly currentTree ├── umd@3.0.1
41 silly currentTree ├── undefsafe@0.0.3
41 silly currentTree ├── unique-stream@1.0.0
41 silly currentTree ├── unpipe@1.0.0
41 silly currentTree ├── update-notifier@0.5.0
41 silly currentTree ├── url@0.10.3
41 silly currentTree ├── user-home@1.1.1
41 silly currentTree ├── util-deprecate@1.0.2
41 silly currentTree ├── util@0.10.3
41 silly currentTree ├── utils-merge@1.0.0
41 silly currentTree ├── uuid@2.0.1
41 silly currentTree ├── v8flags@2.0.10
41 silly currentTree ├── validate-npm-package-license@3.0.1
41 silly currentTree ├── vary@1.1.0
41 silly currentTree ├─┬ vinyl-buffer@1.0.0
41 silly currentTree │ ├── readable-stream@1.0.33
41 silly currentTree │ └── through2@0.6.5
41 silly currentTree ├─┬ vinyl-fs@0.3.14
41 silly currentTree │ ├── clone@0.2.0
41 silly currentTree │ ├── readable-stream@1.0.33
41 silly currentTree │ ├── strip-bom@1.0.0
41 silly currentTree │ ├── through2@0.6.5
41 silly currentTree │ └── vinyl@0.4.6
41 silly currentTree ├─┬ vinyl-source-stream@1.1.0
41 silly currentTree │ ├── clone@0.2.0
41 silly currentTree │ ├── readable-stream@1.0.33
41 silly currentTree │ ├── through2@0.6.5
41 silly currentTree │ └── vinyl@0.4.6
41 silly currentTree ├── vinyl-sourcemaps-apply@0.2.0
41 silly currentTree ├── vinyl@0.5.3
41 silly currentTree ├── vm-browserify@0.0.4
41 silly currentTree ├─┬ watchify@3.6.0
41 silly currentTree │ ├── browser-pack@6.0.1
41 silly currentTree │ ├── browserify@12.0.1
41 silly currentTree │ ├── combine-source-map@0.7.1
41 silly currentTree │ ├── concat-stream@1.5.1
41 silly currentTree │ ├── constants-browserify@1.0.0
41 silly currentTree │ ├── deps-sort@2.0.0
41 silly currentTree │ ├── duplexer2@0.1.2
41 silly currentTree │ ├── events@1.1.0
41 silly currentTree │ ├── glob@5.0.15
41 silly currentTree │ ├── inline-source-map@0.6.1
41 silly currentTree │ ├── insert-module-globals@7.0.1
41 silly currentTree │ ├── labeled-stream-splicer@2.0.0
41 silly currentTree │ ├── module-deps@4.0.2
41 silly currentTree │ ├── read-only-stream@2.0.0
41 silly currentTree │ ├── readable-stream@2.0.4
41 silly currentTree │ ├── shell-quote@1.4.3
41 silly currentTree │ ├── source-map@0.4.2
41 silly currentTree │ ├── stream-combiner2@1.1.1
41 silly currentTree │ ├── stream-http@2.0.2
41 silly currentTree │ ├── stream-splicer@2.0.0
41 silly currentTree │ ├── through2@2.0.0
41 silly currentTree │ └── url@0.11.0
41 silly currentTree ├── window-size@0.1.2
41 silly currentTree ├── wordwrap@0.0.2
41 silly currentTree ├── wrappy@1.0.1
41 silly currentTree ├─┬ write-file-atomic@1.1.3
41 silly currentTree │ └── graceful-fs@4.1.2
41 silly currentTree ├── xdg-basedir@2.0.0
41 silly currentTree ├── xtend@4.0.1
41 silly currentTree ├── y18n@3.2.0
41 silly currentTree └── yargs@3.27.0
42 silly idealTree padaria-gege@0.0.1
42 silly idealTree ├── JSONStream@1.0.6
42 silly idealTree ├── abbrev@1.0.7
42 silly idealTree ├── accepts@1.2.13
42 silly idealTree ├── acorn@1.2.2
42 silly idealTree ├── align-text@0.1.3
42 silly idealTree ├── alter@0.2.0
42 silly idealTree ├── amdefine@1.0.0
42 silly idealTree ├── ansi-green@0.1.1
42 silly idealTree ├── ansi-regex@2.0.0
42 silly idealTree ├── ansi-styles@2.1.0
42 silly idealTree ├── ansi-wrap@0.1.0
42 silly idealTree ├── anymatch@1.3.0
42 silly idealTree ├── archy@1.0.0
42 silly idealTree ├── arr-diff@1.1.0
42 silly idealTree ├── arr-flatten@1.0.1
42 silly idealTree ├── array-differ@1.0.0
42 silly idealTree ├── array-filter@0.0.1
42 silly idealTree ├── array-flatten@1.1.1
42 silly idealTree ├── array-map@0.0.0
42 silly idealTree ├── array-reduce@0.0.0
42 silly idealTree ├── array-slice@0.2.3
42 silly idealTree ├── array-uniq@1.0.2
42 silly idealTree ├── array-unique@0.2.1
42 silly idealTree ├── arrify@1.0.0
42 silly idealTree ├── asn1.js@4.0.0
42 silly idealTree ├── assert@1.3.0
42 silly idealTree ├── ast-traverse@0.1.1
42 silly idealTree ├── ast-types@0.8.12
42 silly idealTree ├── astw@2.0.0
42 silly idealTree ├── async-each@0.1.6
42 silly idealTree ├── async@0.9.0
42 silly idealTree ├─┬ babel-core@5.8.33
42 silly idealTree │ └── bluebird@2.10.2
42 silly idealTree ├── babel-plugin-constant-folding@1.0.1
42 silly idealTree ├── babel-plugin-dead-code-elimination@1.0.2
42 silly idealTree ├── babel-plugin-eval@1.0.1
42 silly idealTree ├── babel-plugin-inline-environment-variables@1.0.1
42 silly idealTree ├── babel-plugin-jscript@1.0.4
42 silly idealTree ├── babel-plugin-member-expression-literals@1.0.1
42 silly idealTree ├── babel-plugin-property-literals@1.0.1
42 silly idealTree ├── babel-plugin-proto-to-assign@1.0.4
42 silly idealTree ├── babel-plugin-react-constant-elements@1.0.3
42 silly idealTree ├── babel-plugin-react-display-name@1.0.3
42 silly idealTree ├── babel-plugin-remove-console@1.0.1
42 silly idealTree ├── babel-plugin-remove-debugger@1.0.1
42 silly idealTree ├── babel-plugin-runtime@1.0.7
42 silly idealTree ├── babel-plugin-undeclared-variables-check@1.0.2
42 silly idealTree ├── babel-plugin-undefined-to-void@1.1.6
42 silly idealTree ├── babelify@6.4.0
42 silly idealTree ├── babylon@5.8.29
42 silly idealTree ├── balanced-match@0.2.1
42 silly idealTree ├── base64-js@0.0.8
42 silly idealTree ├── beeper@1.1.0
42 silly idealTree ├── binary-extensions@1.3.1
42 silly idealTree ├── bl@0.9.4
42 silly idealTree ├── bluebird@2.9.26
42 silly idealTree ├── bn.js@4.1.1
42 silly idealTree ├── body-parser@1.14.1
42 silly idealTree ├── brace-expansion@1.1.1
42 silly idealTree ├── braces@1.8.2
42 silly idealTree ├── breakable@1.0.0
42 silly idealTree ├── brorand@1.0.5
42 silly idealTree ├── browser-pack@5.0.1
42 silly idealTree ├── browser-resolve@1.10.1
42 silly idealTree ├── browserify-aes@1.0.5
42 silly idealTree ├── browserify-cipher@1.0.0
42 silly idealTree ├── browserify-des@1.0.0
42 silly idealTree ├── browserify-rsa@4.0.0
42 silly idealTree ├── browserify-sign@4.0.0
42 silly idealTree ├── browserify-zlib@0.1.4
42 silly idealTree ├─┬ browserify@11.2.0
42 silly idealTree │ └── readable-stream@2.0.4
42 silly idealTree ├── bson@0.4.19
42 silly idealTree ├── buffer-xor@1.0.3
42 silly idealTree ├── buffer@3.5.1
42 silly idealTree ├── builtin-modules@1.1.0
42 silly idealTree ├── builtin-status-codes@1.0.0
42 silly idealTree ├── builtins@0.0.7
42 silly idealTree ├── bytes@2.1.0
42 silly idealTree ├── camelcase-keys@1.0.0
42 silly idealTree ├── camelcase@1.2.1
42 silly idealTree ├── center-align@0.1.2
42 silly idealTree ├── chalk@1.1.1
42 silly idealTree ├─┬ chokidar@1.2.0
42 silly idealTree │ └── is-glob@2.0.1
42 silly idealTree ├── cipher-base@1.0.2
42 silly idealTree ├── cliui@2.1.0
42 silly idealTree ├── clone-stats@0.0.1
42 silly idealTree ├── clone@1.0.2
42 silly idealTree ├─┬ combine-source-map@0.6.1
42 silly idealTree │ └── source-map@0.4.4
42 silly idealTree ├── commander@2.5.1
42 silly idealTree ├── commondir@0.0.1
42 silly idealTree ├── commoner@0.10.3
42 silly idealTree ├── concat-map@0.0.1
42 silly idealTree ├─┬ concat-stream@1.4.10
42 silly idealTree │ └── readable-stream@1.1.13
42 silly idealTree ├─┬ configstore@1.3.0
42 silly idealTree │ └── graceful-fs@4.1.2
42 silly idealTree ├── console-browserify@1.1.0
42 silly idealTree ├── constants-browserify@0.0.1
42 silly idealTree ├── content-disposition@0.5.0
42 silly idealTree ├── content-type@1.0.1
42 silly idealTree ├── convert-source-map@1.1.1
42 silly idealTree ├── cookie-signature@1.0.6
42 silly idealTree ├── cookie@0.1.3
42 silly idealTree ├── core-js@1.2.5
42 silly idealTree ├── core-util-is@1.0.1
42 silly idealTree ├── cors@2.7.1
42 silly idealTree ├── create-ecdh@4.0.0
42 silly idealTree ├── create-hash@1.1.2
42 silly idealTree ├── create-hmac@1.1.4
42 silly idealTree ├── crypto-browserify@3.11.0
42 silly idealTree ├── date-now@0.1.4
42 silly idealTree ├── dateformat@1.0.11
42 silly idealTree ├── deap@1.0.0
42 silly idealTree ├── debug@2.2.0
42 silly idealTree ├── decamelize@1.1.1
42 silly idealTree ├── deep-extend@0.2.11
42 silly idealTree ├── defaults@1.0.3
42 silly idealTree ├── defined@1.0.0
42 silly idealTree ├── defs@1.1.1
42 silly idealTree ├── depd@1.1.0
42 silly idealTree ├── deprecated@0.0.1
42 silly idealTree ├── deps-sort@1.3.9
42 silly idealTree ├── des.js@1.0.0
42 silly idealTree ├── destroy@1.0.3
42 silly idealTree ├── detect-indent@3.0.1
42 silly idealTree ├── detective@4.3.1
42 silly idealTree ├── diffie-hellman@5.0.0
42 silly idealTree ├── domain-browser@1.1.4
42 silly idealTree ├─┬ duplexer2@0.0.2
42 silly idealTree │ └── readable-stream@1.1.13
42 silly idealTree ├── duplexer@0.1.1
42 silly idealTree ├─┬ duplexify@3.4.2
42 silly idealTree │ ├── end-of-stream@1.0.0
42 silly idealTree │ └── readable-stream@2.0.4
42 silly idealTree ├── ee-first@1.1.1
42 silly idealTree ├── elliptic@6.0.1
42 silly idealTree ├── end-of-stream@0.1.5
42 silly idealTree ├── error-ex@1.2.0
42 silly idealTree ├── es6-promise@2.1.1
42 silly idealTree ├── escape-html@1.0.2
42 silly idealTree ├── escape-string-regexp@1.0.3
42 silly idealTree ├── esprima-fb@15001.1001.0-dev-harmony-fb
42 silly idealTree ├── esutils@2.0.2
42 silly idealTree ├── etag@1.7.0
42 silly idealTree ├── event-stream@3.3.2
42 silly idealTree ├── events@1.0.2
42 silly idealTree ├── evp_bytestokey@1.0.0
42 silly idealTree ├── expand-brackets@0.1.4
42 silly idealTree ├── expand-range@1.8.1
42 silly idealTree ├─┬ express@4.13.3
42 silly idealTree │ ├── depd@1.0.1
42 silly idealTree │ ├── qs@4.0.0
42 silly idealTree │ └── vary@1.0.1
42 silly idealTree ├── extend@2.0.1
42 silly idealTree ├── extglob@0.3.1
42 silly idealTree ├── fancy-log@1.1.0
42 silly idealTree ├── filename-regex@2.0.0
42 silly idealTree ├─┬ fill-range@2.2.2
42 silly idealTree │ └── isobject@1.0.2
42 silly idealTree ├── finalhandler@0.4.0
42 silly idealTree ├── find-index@0.1.1
42 silly idealTree ├─┬ find-up@1.0.0
42 silly idealTree │ └── path-exists@2.0.0
42 silly idealTree ├─┬ findup-sync@0.3.0
42 silly idealTree │ └── glob@5.0.15
42 silly idealTree ├── first-chunk-stream@1.0.0
42 silly idealTree ├── flagged-respawn@0.3.1
42 silly idealTree ├── for-in@0.1.4
42 silly idealTree ├── for-own@0.1.3
42 silly idealTree ├── foreach@2.0.5
42 silly idealTree ├── forwarded@0.1.0
42 silly idealTree ├── fresh@0.3.0
42 silly idealTree ├── from@0.1.3
42 silly idealTree ├── fs-readdir-recursive@0.1.2
42 silly idealTree ├── function-bind@1.0.2
42 silly idealTree ├── gaze@0.5.2
42 silly idealTree ├── get-stdin@4.0.1
42 silly idealTree ├─┬ glob-base@0.3.0
42 silly idealTree │ └── is-glob@2.0.1
42 silly idealTree ├─┬ glob-parent@2.0.0
42 silly idealTree │ └── is-glob@2.0.1
42 silly idealTree ├─┬ glob-stream@3.1.18
42 silly idealTree │ ├── glob@4.5.3
42 silly idealTree │ ├── readable-stream@1.0.33
42 silly idealTree │ └── through2@0.6.5
42 silly idealTree ├── glob-watcher@0.0.6
42 silly idealTree ├── glob2base@0.0.12
42 silly idealTree ├─┬ glob@4.2.2
42 silly idealTree │ └── minimatch@1.0.0
42 silly idealTree ├── globals@6.4.1
42 silly idealTree ├─┬ globule@0.1.0
42 silly idealTree │ ├── glob@3.1.21
42 silly idealTree │ ├── graceful-fs@1.2.3
42 silly idealTree │ ├── inherits@1.0.2
42 silly idealTree │ ├── lodash@1.0.2
42 silly idealTree │ └── minimatch@0.2.14
42 silly idealTree ├── glogg@1.0.0
42 silly idealTree ├─┬ got@3.3.1
42 silly idealTree │ └── object-assign@3.0.0
42 silly idealTree ├── graceful-fs@3.0.8
42 silly idealTree ├─┬ gulp-sourcemaps@1.6.0
42 silly idealTree │ ├── graceful-fs@4.1.2
42 silly idealTree │ ├── readable-stream@2.0.4
42 silly idealTree │ ├── through2@2.0.0
42 silly idealTree │ └── vinyl@1.1.0
42 silly idealTree ├─┬ gulp-uglify@1.4.2
42 silly idealTree │ ├── readable-stream@2.0.4
42 silly idealTree │ └── through2@2.0.0
42 silly idealTree ├─┬ gulp-util@3.0.7
42 silly idealTree │ ├── object-assign@3.0.0
42 silly idealTree │ ├── readable-stream@2.0.4
42 silly idealTree │ └── through2@2.0.0
42 silly idealTree ├── gulp@3.9.0
42 silly idealTree ├── gulplog@1.0.0
42 silly idealTree ├── has-ansi@2.0.0
42 silly idealTree ├── has-gulplog@0.1.0
42 silly idealTree ├── has@1.0.1
42 silly idealTree ├── hash.js@1.0.3
42 silly idealTree ├── home-or-tmp@1.0.0
42 silly idealTree ├── hooks-fixed@1.1.0
42 silly idealTree ├── hosted-git-info@2.1.4
42 silly idealTree ├── htmlescape@1.1.0
42 silly idealTree ├── http-errors@1.3.1
42 silly idealTree ├── https-browserify@0.0.1
42 silly idealTree ├── iconv-lite@0.4.12
42 silly idealTree ├── ieee754@1.1.6
42 silly idealTree ├─┬ indent-string@2.1.0
42 silly idealTree │ └── repeating@2.0.0
42 silly idealTree ├── indexof@0.0.1
42 silly idealTree ├── infinity-agent@2.0.3
42 silly idealTree ├── inflight@1.0.4
42 silly idealTree ├── inherits@2.0.1
42 silly idealTree ├── ini@1.3.4
42 silly idealTree ├─┬ inline-source-map@0.5.0
42 silly idealTree │ └── source-map@0.4.4
42 silly idealTree ├── insert-module-globals@6.6.3
42 silly idealTree ├── install@0.1.8
42 silly idealTree ├── interpret@0.6.6
42 silly idealTree ├── invert-kv@1.0.0
42 silly idealTree ├── ipaddr.js@1.0.1
42 silly idealTree ├── is-array@1.0.1
42 silly idealTree ├── is-binary-path@1.0.1
42 silly idealTree ├── is-buffer@1.1.0
42 silly idealTree ├── is-builtin-module@1.0.0
42 silly idealTree ├── is-dotfile@1.0.2
42 silly idealTree ├── is-equal-shallow@0.1.3
42 silly idealTree ├── is-extglob@1.0.0
42 silly idealTree ├── is-finite@1.0.1
42 silly idealTree ├── is-glob@1.1.3
42 silly idealTree ├── is-integer@1.0.6
42 silly idealTree ├── is-npm@1.0.0
42 silly idealTree ├── is-number@1.1.2
42 silly idealTree ├── is-primitive@2.0.0
42 silly idealTree ├── is-redirect@1.0.0
42 silly idealTree ├── is-stream@1.0.1
42 silly idealTree ├── is-utf8@0.2.0
42 silly idealTree ├── isarray@0.0.1
42 silly idealTree ├── isobject@2.0.0
42 silly idealTree ├── js-tokens@1.0.1
42 silly idealTree ├── jsesc@0.5.0
42 silly idealTree ├── json-stable-stringify@0.0.1
42 silly idealTree ├── json5@0.4.0
42 silly idealTree ├── jsonify@0.0.0
42 silly idealTree ├── jsonparse@1.2.0
42 silly idealTree ├── kareem@1.0.1
42 silly idealTree ├── kerberos@0.0.17
42 silly idealTree ├── kind-of@2.0.1
42 silly idealTree ├── labeled-stream-splicer@1.0.2
42 silly idealTree ├── latest-version@1.0.1
42 silly idealTree ├── lazy-cache@0.2.4
42 silly idealTree ├── lcid@1.0.0
42 silly idealTree ├── left-pad@0.0.3
42 silly idealTree ├── leven@1.0.2
42 silly idealTree ├── lexical-scope@1.2.0
42 silly idealTree ├── liftoff@2.2.0
42 silly idealTree ├── line-numbers@0.2.0
42 silly idealTree ├─┬ load-json-file@1.0.1
42 silly idealTree │ └── graceful-fs@4.1.2
42 silly idealTree ├── lodash._baseassign@3.2.0
42 silly idealTree ├── lodash._basecopy@3.0.1
42 silly idealTree ├── lodash._baseflatten@3.1.4
42 silly idealTree ├── lodash._basetostring@3.0.1
42 silly idealTree ├── lodash._basevalues@3.0.0
42 silly idealTree ├── lodash._bindcallback@3.0.1
42 silly idealTree ├── lodash._createassigner@3.1.1
42 silly idealTree ├── lodash._getnative@3.9.1
42 silly idealTree ├── lodash._isiterateecall@3.0.9
42 silly idealTree ├── lodash._reescape@3.0.0
42 silly idealTree ├── lodash._reevaluate@3.0.0
42 silly idealTree ├── lodash._reinterpolate@3.0.0
42 silly idealTree ├── lodash.assign@3.2.0
42 silly idealTree ├── lodash.defaults@3.1.2
42 silly idealTree ├── lodash.escape@3.0.0
42 silly idealTree ├── lodash.flatten@3.0.2
42 silly idealTree ├── lodash.isarguments@3.0.4
42 silly idealTree ├── lodash.isarray@3.0.4
42 silly idealTree ├── lodash.keys@3.1.2
42 silly idealTree ├── lodash.memoize@3.0.4
42 silly idealTree ├── lodash.restparam@3.6.1
42 silly idealTree ├── lodash.template@3.6.2
42 silly idealTree ├── lodash.templatesettings@3.1.0
42 silly idealTree ├── lodash@3.10.1
42 silly idealTree ├── longest@1.0.1
42 silly idealTree ├── loud-rejection@1.0.0
42 silly idealTree ├── lowercase-keys@1.0.0
42 silly idealTree ├── lru-cache@2.7.0
42 silly idealTree ├── map-obj@1.0.1
42 silly idealTree ├── map-stream@0.1.0
42 silly idealTree ├── media-typer@0.3.0
42 silly idealTree ├── meow@3.5.0
42 silly idealTree ├── merge-descriptors@1.0.0
42 silly idealTree ├─┬ method-override@2.3.5
42 silly idealTree │ └── vary@1.0.1
42 silly idealTree ├── methods@1.1.1
42 silly idealTree ├─┬ micromatch@2.2.0
42 silly idealTree │ └── kind-of@1.1.0
42 silly idealTree ├── miller-rabin@4.0.0
42 silly idealTree ├── mime-db@1.19.0
42 silly idealTree ├── mime-types@2.1.7
42 silly idealTree ├── mime@1.3.4
42 silly idealTree ├── minimalistic-assert@1.0.0
42 silly idealTree ├── minimatch@2.0.10
42 silly idealTree ├── minimist@1.2.0
42 silly idealTree ├─┬ mkdirp@0.5.1
42 silly idealTree │ └── minimist@0.0.8
42 silly idealTree ├─┬ module-deps@3.9.1
42 silly idealTree │ └── readable-stream@1.1.13
42 silly idealTree ├── mongodb-core@1.2.19
42 silly idealTree ├── mongodb@2.0.46
42 silly idealTree ├─┬ mongoose-paginate@4.2.0
42 silly idealTree │ ├── async@1.4.2
42 silly idealTree │ ├── bluebird@2.9.34
42 silly idealTree │ ├─┬ mongoose@4.1.12
42 silly idealTree │ │ └── async@0.9.0
42 silly idealTree │ └── ms@0.1.0
42 silly idealTree ├── mongoose@4.2.4
42 silly idealTree ├── mpath@0.1.1
42 silly idealTree ├── mpromise@0.5.4
42 silly idealTree ├── mquery@1.6.3
42 silly idealTree ├── ms@0.7.1
42 silly idealTree ├── multipipe@0.1.2
42 silly idealTree ├── muri@1.0.0
42 silly idealTree ├── nan@2.0.9
42 silly idealTree ├── negotiator@0.5.3
42 silly idealTree ├── nested-error-stacks@1.0.1
42 silly idealTree ├─┬ nodemon@1.8.1
42 silly idealTree │ ├── es6-promise@3.0.2
42 silly idealTree │ └── minimatch@3.0.0
42 silly idealTree ├── nopt@1.0.10
42 silly idealTree ├── normalize-package-data@2.3.5
42 silly idealTree ├── number-is-nan@1.0.0
42 silly idealTree ├── object-assign@4.0.1
42 silly idealTree ├── object-keys@1.0.9
42 silly idealTree ├─┬ object.omit@1.1.0
42 silly idealTree │ └── isobject@1.0.2
42 silly idealTree ├── on-finished@2.3.0
42 silly idealTree ├── once@1.3.2
42 silly idealTree ├── orchestrator@0.3.7
42 silly idealTree ├── ordered-read-streams@0.1.0
42 silly idealTree ├── os-browserify@0.1.2
42 silly idealTree ├── os-homedir@1.0.1
42 silly idealTree ├── os-locale@1.4.0
42 silly idealTree ├── os-tmpdir@1.0.1
42 silly idealTree ├── osenv@0.1.3
42 silly idealTree ├─┬ outpipe@1.1.1
42 silly idealTree │ └── shell-quote@1.4.3
42 silly idealTree ├── output-file-sync@1.1.1
42 silly idealTree ├── package-json@1.2.0
42 silly idealTree ├── pako@0.2.8
42 silly idealTree ├── parents@1.0.1
42 silly idealTree ├── parse-asn1@5.0.0
42 silly idealTree ├─┬ parse-glob@3.0.4
42 silly idealTree │ └── is-glob@2.0.1
42 silly idealTree ├── parse-json@2.2.0
42 silly idealTree ├── parseurl@1.3.0
42 silly idealTree ├── path-browserify@0.0.0
42 silly idealTree ├── path-exists@1.0.0
42 silly idealTree ├── path-is-absolute@1.0.0
42 silly idealTree ├── path-platform@0.11.15
42 silly idealTree ├── path-to-regexp@0.1.7
42 silly idealTree ├─┬ path-type@1.0.0
42 silly idealTree │ └── graceful-fs@4.1.2
42 silly idealTree ├── pause-stream@0.0.11
42 silly idealTree ├── pbkdf2@3.0.4
42 silly idealTree ├── pify@2.3.0
42 silly idealTree ├── pinkie-promise@1.0.0
42 silly idealTree ├── pinkie@1.0.0
42 silly idealTree ├── prepend-http@1.0.3
42 silly idealTree ├── preserve@0.2.0
42 silly idealTree ├── pretty-hrtime@1.0.1
42 silly idealTree ├── private@0.1.6
42 silly idealTree ├── process-nextick-args@1.0.3
42 silly idealTree ├── process@0.11.2
42 silly idealTree ├── proxy-addr@1.0.8
42 silly idealTree ├── ps-tree@1.0.1
42 silly idealTree ├── public-encrypt@4.0.0
42 silly idealTree ├── punycode@1.3.2
42 silly idealTree ├── q@1.1.2
42 silly idealTree ├── qs@5.1.0
42 silly idealTree ├── querystring-es3@0.2.1
42 silly idealTree ├── querystring@0.2.0
42 silly idealTree ├─┬ randomatic@1.1.0
42 silly idealTree │ └── kind-of@1.1.0
42 silly idealTree ├── randombytes@2.0.1
42 silly idealTree ├── range-parser@1.0.3
42 silly idealTree ├── raw-body@2.1.4
42 silly idealTree ├── rc@1.1.2
42 silly idealTree ├─┬ read-all-stream@3.0.1
42 silly idealTree │ └── readable-stream@2.0.4
42 silly idealTree ├── read-only-stream@1.1.1
42 silly idealTree ├── read-pkg-up@1.0.1
42 silly idealTree ├── read-pkg@1.1.0
42 silly idealTree ├── readable-stream@1.0.31
42 silly idealTree ├─┬ readable-wrap@1.0.0
42 silly idealTree │ └── readable-stream@1.1.13
42 silly idealTree ├─┬ readdirp@2.0.0
42 silly idealTree │ ├── graceful-fs@4.1.2
42 silly idealTree │ └── readable-stream@2.0.4
42 silly idealTree ├── recast@0.10.33
42 silly idealTree ├── rechoir@0.6.2
42 silly idealTree ├── redent@1.0.0
42 silly idealTree ├── regenerate@1.2.1
42 silly idealTree ├── regenerator@0.8.40
42 silly idealTree ├── regex-cache@0.4.2
42 silly idealTree ├── regexp-clone@0.0.1
42 silly idealTree ├─┬ regexpu@1.3.0
42 silly idealTree │ └── esprima@2.7.0
42 silly idealTree ├── registry-url@3.0.3
42 silly idealTree ├── regjsgen@0.2.0
42 silly idealTree ├── regjsparser@0.1.5
42 silly idealTree ├── repeat-element@1.1.2
42 silly idealTree ├── repeat-string@1.5.2
42 silly idealTree ├── repeating@1.1.3
42 silly idealTree ├── replace-ext@0.0.1
42 silly idealTree ├── resolve@1.1.6
42 silly idealTree ├── right-align@0.1.3
42 silly idealTree ├── ripemd160@1.0.1
42 silly idealTree ├── semver-diff@2.0.0
42 silly idealTree ├── semver@4.3.6
42 silly idealTree ├─┬ send@0.13.0
42 silly idealTree │ └── depd@1.0.1
42 silly idealTree ├── sequencify@0.0.7
42 silly idealTree ├── serve-static@1.10.0
42 silly idealTree ├── sha.js@2.4.4
42 silly idealTree ├── shasum@1.0.2
42 silly idealTree ├── shebang-regex@1.0.0
42 silly idealTree ├── shell-quote@0.0.1
42 silly idealTree ├── sigmund@1.0.1
42 silly idealTree ├── simple-fmt@0.1.0
42 silly idealTree ├── simple-is@0.2.0
42 silly idealTree ├── slash@1.0.0
42 silly idealTree ├── sliced@0.0.5
42 silly idealTree ├── slide@1.1.6
42 silly idealTree ├─┬ source-map-support@0.2.10
42 silly idealTree │ └── source-map@0.1.32
42 silly idealTree ├── source-map@0.5.3
42 silly idealTree ├── sparkles@1.0.0
42 silly idealTree ├── spdx-correct@1.0.2
42 silly idealTree ├── spdx-exceptions@1.0.3
42 silly idealTree ├── spdx-expression-parse@1.0.0
42 silly idealTree ├── spdx-license-ids@1.1.0
42 silly idealTree ├── split@0.3.3
42 silly idealTree ├── stable@0.1.5
42 silly idealTree ├── statuses@1.2.1
42 silly idealTree ├─┬ stream-browserify@2.0.1
42 silly idealTree │ └── readable-stream@2.0.4
42 silly idealTree ├─┬ stream-combiner2@1.0.2
42 silly idealTree │ ├── through2@0.5.1
42 silly idealTree │ └── xtend@3.0.0
42 silly idealTree ├── stream-combiner@0.0.4
42 silly idealTree ├── stream-consume@0.1.0
42 silly idealTree ├── stream-http@1.7.1
42 silly idealTree ├─┬ stream-splicer@1.3.2
42 silly idealTree │ └── readable-stream@1.1.13
42 silly idealTree ├── string-length@1.0.1
42 silly idealTree ├── string_decoder@0.10.31
42 silly idealTree ├── stringmap@0.2.2
42 silly idealTree ├── stringset@0.2.1
42 silly idealTree ├── strip-ansi@3.0.0
42 silly idealTree ├── strip-bom@2.0.0
42 silly idealTree ├── strip-indent@1.0.1
42 silly idealTree ├── strip-json-comments@0.1.3
42 silly idealTree ├── subarg@1.0.0
42 silly idealTree ├── success-symbol@0.1.0
42 silly idealTree ├── supports-color@2.0.0
42 silly idealTree ├── syntax-error@1.1.4
42 silly idealTree ├─┬ through2@1.1.1
42 silly idealTree │ └── readable-stream@1.1.13
42 silly idealTree ├── through@2.3.8
42 silly idealTree ├── tildify@1.1.2
42 silly idealTree ├── timed-out@2.0.0
42 silly idealTree ├── timers-browserify@1.4.1
42 silly idealTree ├── to-fast-properties@1.0.1
42 silly idealTree ├── touch@1.0.0
42 silly idealTree ├── trim-newlines@1.0.0
42 silly idealTree ├── trim-right@1.0.1
42 silly idealTree ├── try-resolve@1.0.1
42 silly idealTree ├── tryor@0.1.2
42 silly idealTree ├── tty-browserify@0.0.0
42 silly idealTree ├── type-is@1.6.9
42 silly idealTree ├── typedarray@0.0.6
42 silly idealTree ├─┬ uglify-js@2.5.0
42 silly idealTree │ ├── async@0.2.10
42 silly idealTree │ ├── window-size@0.1.0
42 silly idealTree │ └── yargs@3.5.4
42 silly idealTree ├── uglify-save-license@0.4.1
42 silly idealTree ├── uglify-to-browserify@1.0.2
42 silly idealTree ├── umd@3.0.1
42 silly idealTree ├── undefsafe@0.0.3
42 silly idealTree ├── unique-stream@1.0.0
42 silly idealTree ├── unpipe@1.0.0
42 silly idealTree ├── update-notifier@0.5.0
42 silly idealTree ├── url@0.10.3
42 silly idealTree ├── user-home@1.1.1
42 silly idealTree ├── util-deprecate@1.0.2
42 silly idealTree ├── util@0.10.3
42 silly idealTree ├── utils-merge@1.0.0
42 silly idealTree ├── uuid@2.0.1
42 silly idealTree ├── v8flags@2.0.10
42 silly idealTree ├── validate-npm-package-license@3.0.1
42 silly idealTree ├── vary@1.1.0
42 silly idealTree ├─┬ vinyl-buffer@1.0.0
42 silly idealTree │ ├── readable-stream@1.0.33
42 silly idealTree │ └── through2@0.6.5
42 silly idealTree ├─┬ vinyl-fs@0.3.14
42 silly idealTree │ ├── clone@0.2.0
42 silly idealTree │ ├── readable-stream@1.0.33
42 silly idealTree │ ├── strip-bom@1.0.0
42 silly idealTree │ ├── through2@0.6.5
42 silly idealTree │ └── vinyl@0.4.6
42 silly idealTree ├─┬ vinyl-source-stream@1.1.0
42 silly idealTree │ ├── clone@0.2.0
42 silly idealTree │ ├── readable-stream@1.0.33
42 silly idealTree │ ├── through2@0.6.5
42 silly idealTree │ └── vinyl@0.4.6
42 silly idealTree ├── vinyl-sourcemaps-apply@0.2.0
42 silly idealTree ├── vinyl@0.5.3
42 silly idealTree ├── vm-browserify@0.0.4
42 silly idealTree ├─┬ watchify@3.6.0
42 silly idealTree │ ├── browser-pack@6.0.1
42 silly idealTree │ ├── browserify@12.0.1
42 silly idealTree │ ├── combine-source-map@0.7.1
42 silly idealTree │ ├── concat-stream@1.5.1
42 silly idealTree │ ├── constants-browserify@1.0.0
42 silly idealTree │ ├── deps-sort@2.0.0
42 silly idealTree │ ├── duplexer2@0.1.2
42 silly idealTree │ ├── events@1.1.0
42 silly idealTree │ ├── glob@5.0.15
42 silly idealTree │ ├── inline-source-map@0.6.1
42 silly idealTree │ ├── insert-module-globals@7.0.1
42 silly idealTree │ ├── labeled-stream-splicer@2.0.0
42 silly idealTree │ ├── module-deps@4.0.2
42 silly idealTree │ ├── read-only-stream@2.0.0
42 silly idealTree │ ├── readable-stream@2.0.4
42 silly idealTree │ ├── shell-quote@1.4.3
42 silly idealTree │ ├── source-map@0.4.2
42 silly idealTree │ ├── stream-combiner2@1.1.1
42 silly idealTree │ ├── stream-http@2.0.2
42 silly idealTree │ ├── stream-splicer@2.0.0
42 silly idealTree │ ├── through2@2.0.0
42 silly idealTree │ └── url@0.11.0
42 silly idealTree ├── window-size@0.1.2
42 silly idealTree ├── wordwrap@0.0.2
42 silly idealTree ├── wrappy@1.0.1
42 silly idealTree ├─┬ write-file-atomic@1.1.3
42 silly idealTree │ └── graceful-fs@4.1.2
42 silly idealTree ├── xdg-basedir@2.0.0
42 silly idealTree ├── xtend@4.0.1
42 silly idealTree ├── y18n@3.2.0
42 silly idealTree └── yargs@3.27.0
43 silly generateActionsToTake Starting
44 silly install generateActionsToTake
45 silly generateActionsToTake Finishing
46 silly diffTrees action count 0
47 silly decomposeActions action count 0
48 silly executeActions Starting
49 silly install executeActions
50 silly doSerial global-install 0
51 silly doParallel fetch 0
52 verbose lock using /home/leo/.npm/_locks/staging-61eaa0061aad44dc.lock for /home/leo/Área de Trabalho/trabalhoISS/padaria-gege/node_modules/.staging
53 verbose unlock done using /home/leo/.npm/_locks/staging-61eaa0061aad44dc.lock for /home/leo/Área de Trabalho/trabalhoISS/padaria-gege/node_modules/.staging
54 silly rollbackFailedOptional Starting
55 silly rollbackFailedOptional Finishing
56 silly runTopLevelLifecycles Starting
57 silly runTopLevelLifecycles Finishing
58 silly install printInstalled
59 warn EPACKAGEJSON padaria-gege@0.0.1 No repository field.
60 verbose stack Error: EACCES: permission denied, mkdir '/home/leo/Área de Trabalho/trabalhoISS/padaria-gege/node_modules/.staging'
60 verbose stack     at Error (native)
61 verbose cwd /home/leo/Área de Trabalho/trabalhoISS/padaria-gege
62 error Linux 4.2.0-16-generic
63 error argv "/usr/local/bin/node" "/usr/local/bin/npm" "i"
64 error node v5.0.0
65 error npm  v3.3.6
66 error path /home/leo/Área de Trabalho/trabalhoISS/padaria-gege/node_modules/.staging
67 error code EACCES
68 error errno -13
69 error syscall mkdir
70 error Error: EACCES: permission denied, mkdir '/home/leo/Área de Trabalho/trabalhoISS/padaria-gege/node_modules/.staging'
70 error     at Error (native)
70 error  { [Error: EACCES: permission denied, mkdir '/home/leo/Área de Trabalho/trabalhoISS/padaria-gege/node_modules/.staging']
70 error   errno: -13,
70 error   code: 'EACCES',
70 error   syscall: 'mkdir',
70 error   path: '/home/leo/Área de Trabalho/trabalhoISS/padaria-gege/node_modules/.staging' }
71 error Please try running this command again as root/Administrator.
72 verbose exit [ -13, true ]
